284.83;45.191856438529
284.83;NaN
288.8275;0
399.2349;8.622604919189172
489.0325;0
599.6448;0
695.0047;0
789.8385;0
900.8744;8.573804482380284
990.4214;0
1100.8683;0
1196.3849;0
1291.7294;0
1403.2296;8.538079201937352
1498.2897;0
1593.1043;0
1703.8359;0
1798.7489;0
1893.7148;0
1988.7116;0
2099.3677;0
2194.5755;0
2300.0653;0
2395.1162;0
2494.2994;9.598408877204902
2589.7117;0
2700.3388;0
2795.563;0
2890.4393;0
3001.2169;0
3096.3747;0
3191.2117;0
3302.1281;0
3396.961;0
3499.3233;0
3595.906;0
3692.2225;0
3802.978;0
3898.012;0
3992.8502;0
4103.66;0
4198.5132;0
4289.3957;0
4400.1251;0
4494.2925;10.109647144227528
4589.4797;0
4699.9318;0
4794.971;0
4890.1286;0
5002.0137;0
5096.9309;0
5192.5128;0
5303.1485;0
5398.0122;0
5499.1884;0
5594.3978;0
5689.3937;0
5799.8507;0
5895.0498;0
5989.9147;0
6101.2076;0
6196.359;0
6290.3017;0
6401.0371;0
6501.3377;0
6596.4008;0
6691.253;0
6802.0124;0
6897.2359;0
6992.0643;0
7103.0115;0
7198.0595;0
7293.0691;0
7404.4879;0
7501.4758;0
7596.4737;0
7691.4106;0
7801.864;0
7897.2678;0
7992.4546;0
8103.0706;0
8197.9115;0
8290.0481;0
8400.5126;0
8495.3624;10.036915869808626
8590.3659;0
8690.9122;0
8801.5035;0
8896.6942;0
8991.6855;0
9102.1852;0
9197.379;0
9292.5285;0
9403.1551;0
9502.1271;0
9597.0979;0
9692.0483;0
9802.6736;0
9897.6527;0
0;+Inf
94.846;0
190.0431;0
300.5034;0
395.7473;0
501.5666;78.6245720244742
596.6773;0
691.6509;0
802.4474;0
897.4184;0
1003.293;78.58377857358629
1098.4647;0
1193.4805;0
1304.0725;0
1399.0637;0
1505.0671;78.4882159612519
1600.0488;0
1695.0421;0
1790.3363;0
1901.0068;0
1996.0063;0
2090.8244;0
2201.5079;0
2296.5843;0
2391.4113;0
2489.9355;84.44628365402485
2600.8774;0
2695.9276;0
2790.8927;0
2901.5359;0
2996.5223;0
3091.4708;0
3202.273;0
3297.3004;0
3392.3321;0
3495.3879;0
3590.4725;0
3701.0933;0
3796.0811;0
3890.8978;0
4001.697;0
4096.6724;0
4197.9848;0
4298.0708;0
4398.2326;0
4497.8981;83.47941963946707
4598.1366;0
4698.2957;0
4798.2375;0
4898.0653;0
4998.1518;0
5098.1662;0
5198.2524;0
5298.3308;0
5398.4416;0
5498.6071;0
5598.6613;0
5698.8604;0
5798.7944;0
5898.8015;0
5998.8939;0
6098.7222;0
6198.9453;0
6298.9763;0
6398.9544;0
6498.8031;0
6599.079;0
6699.0131;0
6799.2681;0
6899.3379;0
6999.4049;0
7099.4449;0
7199.566;0
7299.5861;0
7399.6902;0
7499.5677;0
7599.9127;0
7699.9324;0
7799.9788;0
7900.0046;0
8000.1109;0
8099.9744;0
8203.7943;0
8300.1444;0
8400.5059;0
8500.284;83.38505129792435
8600.6779;0
8700.7071;0
8800.5322;0
8901.0679;0
9001.1654;0
9101.1778;0
9201.2876;0
9301.2553;0
9401.2297;0
9501.3652;0
9601.2299;0
9701.3268;0
9801.3574;0
9901.4259;0
0;+Inf
101.9397;0
200.8791;0
300.8366;0
400.7559;0
500.7075;9.524604178777826
600.6329;0
700.569;0
800.5098;0
900.4509;0
1000.3837;9.526419169166724
1100.3234;0
1200.2632;0
1300.202;0
1400.1431;0
1500.0785;9.526139894854106
1600.0174;0
1701.951;0
1800.8934;0
1900.8321;0
2000.769;0
2100.7066;0
2200.6473;0
2300.5859;0
2400.5236;0
2500.4628;9.525790824988825
2600.4011;0
2700.3393;0
2800.2751;0
2900.2163;0
3000.1547;0
3100.0933;0
3200.0305;0
3299.97;0
3400.9091;0
3500.8447;0
3600.7873;0
3700.7234;0
3800.6641;0
3900.5993;0
4000.538;0
4100.4744;0
4200.4279;0
4300.3543;0
4400.2904;0
4500.2301;9.525744284272987
4600.1727;0
4700.1061;0
4800.0493;0
4899.9846;0
5001.9203;0
5100.8609;0
5200.8026;0
5300.7358;0
5400.6766;0
5500.6151;0
5600.5535;0
5700.4916;0
5800.4325;0
5900.3685;0
6000.3064;0
6100.2459;0
6200.1863;0
6300.1227;0
6400.0614;0
6499.9981;0
6601.9368;0
6700.8759;0
6800.8143;0
6900.7526;0
7000.6933;0
7100.6296;0
7200.5647;0
7300.5065;0
7400.4436;0
7500.3833;0
7600.3206;0
7700.259;0
7800.1986;0
7900.1498;0
8000.0734;0
8100.0142;0
8201.951;0
8300.8893;0
8400.8289;0
8500.7654;9.526046807055259
8600.7058;0
8700.642;0
8800.5793;0
8900.5212;0
9000.4569;0
9100.3949;0
9200.3362;0
9300.2778;0
9400.2126;0
9500.1502;0
9600.0906;0
9700.0288;0
9799.9666;0
9900.9036;0
0;+Inf
0;+Inf
212.3487;0
212.3487;0
288.0657;109.88243943018914
289.0649;145.15818349616524
395.9985;0
494.9035;0
590.0544;0
689.9281;0
789.1304;19.193085474229264
889.97;0
988.9342;9.619672584098916
1089.9159;0
1189.6986;0
1290.1445;0
1390.3315;9.502206561443781
1489.97;0
1589.9531;0
1689.8846;0
1789.7498;0
1889.882;0
1989.7789;0
2089.9229;0
2190.6771;9.448742273237231
2299.8919;0
2399.7832;0
2499.6676;0
2599.8913;0
2689.814;0
2790.0242;0
2890.0437;0
2990.1318;0
3090.039;0
3189.2942;0
3289.6524;0
3389.6628;0
3489.8092;0
3589.8542;0
3689.7601;0
3788.9111;9.60152860470499
3889.9859;0
3990.1513;0
4090.1366;0
4189.7388;0
4289.859;0
4389.7054;0
4489.8896;0
4589.8772;0
4699.9898;0
4789.7039;0
4889.8306;0
5009.6952;0
5089.7712;0
5189.8169;0
5289.9658;0
5389.8334;0
5489.954;0
5599.9729;0
5695.1104;0
5790.4019;0
5889.9311;0
5989.5646;0
6089.8958;0
6189.873;0
6289.7088;0
6389.9319;0
6489.5915;0
6589.9407;0
6688.8775;0
6790.3754;0
6890.1133;0
6989.3024;9.597818248051215
7090.0012;0
7190.2915;0
7289.9059;0
7390.2164;0
7489.7167;0
7590.2076;0
7690.1417;0
7789.8292;0
7889.6847;0
7988.9742;0
8101.0271;0
8199.8227;0
8299.9941;0
8390.0174;0
8490.051;0
8589.7035;0
8690.7478;0
8789.6707;0
8889.8471;0
8990.6954;0
9090.0431;0
9189.8198;0
9290.3869;0
9390.1384;0
9490.2176;0
9589.8595;0
9690.0468;0
9790.1328;0
9905.8839;0
0;+Inf
98.5612;0
199.9352;0
298.9316;0
398.6072;0
498.2643;83.48657746071721
598.1649;0
698.2738;0
799.3696;0
899.9906;0
998.5958;84.37707669986085
1098.1483;0
1199.9023;0
1298.82;0
1398.8049;0
1498.7662;83.23210613469062
1598.2617;0
1698.2112;0
1799.9802;0
1898.675;0
1999.0321;0
2098.5047;0
2198.3497;0
2298.3199;0
2399.5326;0
2498.178;84.3424113727936
2599.5305;0
2699.6024;0
2799.9213;0
2898.8421;0
2998.3674;0
3098.3363;0
3198.5673;0
3298.3039;0
3398.7213;0
3498.4418;0
3598.3582;0
3698.9565;0
3798.1137;0
3898.0481;0
3999.8913;0
4098.3176;0
4198.6569;0
4298.5938;0
4398.5168;0
4498.5257;83.19268814264372
4599.7587;0
4698.0481;0
4799.7061;0
4898.6448;0
4998.2327;0
5099.5764;0
5198.9382;0
5298.3845;0
5398.1286;0
5498.4533;0
5598.2247;0
5698.1617;0
5798.6028;0
5898.341;0
5998.3572;0
6098.5693;0
6198.4254;0
6298.4061;0
6398.2908;0
6500.0253;0
6598.5059;0
6698.2154;0
6802.3327;0
6898.3039;0
6998.5619;0
7100.0101;0
7198.9467;0
7298.8855;0
7398.8256;0
7502.7605;0
7598.7316;0
7698.2486;0
7799.2959;0
7898.7017;0
7998.1851;0
8099.2802;0
8199.9149;0
8299.0206;0
8398.4149;0
8498.3344;83.26688184601402
8598.2398;0
8699.2896;0
8798.5853;0
8899.6793;0
8998.6183;0
9099.8889;0
9198.9288;0
9298.0648;0
9398.3708;0
9498.768;0
9598.1872;0
9699.8834;0
9798.3803;0
9899.7836;0
0;+Inf
99.832;0
201.6357;0
301.7235;0
399.8719;0
501.3396;81.99647748380701
600.5204;0
700.65;0
800.6036;0
900.5728;0
999.8764;83.78337447264646
1099.7777;0
1201.7389;0
1300.3143;0
1401.5477;0
1501.7023;83.07141777619603
1600.5361;0
1701.5764;0
1800.7618;0
1900.7853;0
2000.7949;0
2100.2181;0
2200.1094;0
2299.9802;0
2401.3268;0
2500.2694;84.08892836874183
2599.8746;0
2700.2299;0
2799.9774;0
2899.86;0
3000.7197;0
3099.8425;0
3199.7793;0
3300.8425;0
3399.795;0
3500.456;0
3600.1618;0
3699.8443;0
3800.6257;0
3899.8337;0
4000.3085;0
4100.2467;0
4200.1317;0
4300.1248;0
4401.2201;0
4499.8035;84.39567406394798
4600.1708;0
4700.7041;0
4800.444;0
4900.0309;0
4999.852;0
5100.1636;0
5201.2836;0
5300.1631;0
5399.8065;0
5500.9733;0
5600.1659;0
5701.2478;0
5800.5446;0
5899.848;0
5999.8268;0
6101.2459;0
6201.5827;0
6300.0664;0
6401.4172;0
6500.2013;0
6600.1606;0
6700.0228;0
6801.3353;0
6900.0392;0
6999.948;0
7100.4727;0
7199.8994;0
7299.9247;0
7400.1855;0
7501.5372;0
7601.7345;0
7700.3294;0
7799.9145;0
7901.5224;0
8000.3611;0
8100.3084;0
8200.1817;0
8301.6945;0
8400.2209;0
8499.9563;83.4207717690372
8600.6003;0
8701.7481;0
8800.6772;0
8900.5893;0
9000.7069;0
9100.6724;0
9200.551;0
9300.2879;0
9399.9706;0
9499.9659;0
9601.0578;0
9701.3008;0
9801.5602;0
9900.3258;0
0;+Inf
110.5643;0
205.6103;0
300.5467;0
400.8775;0
499.1603;0
609.6393;0
712.5637;0
807.6863;0
902.5764;0
1005.5126;0
1101.3543;0
1217.5638;0
1312.5616;0
1401.0107;0
1499.9481;0
1614.0191;0
1709.2727;0
1816.2663;0
1916.4774;0
2016.5121;0
2116.6678;0
2216.746;0
2317.0718;0
2399.8762;0
2500.3449;0
2617.9956;0
2717.7007;0
2818.0361;0
2918.205;0
3018.0413;0
3118.2933;0
3220.7187;0
3300.4065;0
3418.8128;0
3501.7609;0
3618.2122;0
3705.6149;0
3820.6232;0
3899.947;0
4018.9998;0
4119.2372;0
4219.2319;0
4319.4051;0
4419.644;0
4499.3924;0
4619.3751;0
4719.9984;0
4799.2135;0
4920.606;0
4999.8583;0
5120.915;0
5200.2597;0
5320.949;0
5400.1523;0
5500.9233;0
5599.264;0
5699.4718;0
5799.4535;0
5899.5408;0
5999.5793;0
6099.5931;0
6199.5928;0
6299.596;0
6399.4477;0
6500.7575;0
6599.5915;0
6699.7416;0
6800.0016;0
6900.0251;0
7000.0052;0
7099.9719;0
7199.9159;0
7299.7597;0
7399.9419;0
7500.3585;0
7599.6897;0
7699.8172;0
7799.668;0
7899.7008;0
7999.8979;0
8099.7428;0
8199.8373;0
8299.6911;0
8399.8482;0
8499.1306;0
8599.4911;0
8699.5293;0
8799.6617;0
8899.6907;0
8999.7197;0
9099.6681;0
9199.7248;0
9299.7304;0
9399.6942;0
9500.9746;0
9599.9584;0
9700.0648;0
9800.0907;0
9900.0749;0
10000.1094;0
10099.9892;0
10200.1423;0
10300.4833;0
10401.1261;0
10500.3397;0
10601.3588;0
10701.387;0
10801.395;0
10901.2438;0
11001.2181;0
11101.2613;0
11201.2038;0
11301.0441;0
11401.2137;0
11499.0727;0
11601.1058;0
11701.1815;0
11801.1989;0
11901.2346;0
12011.9268;0
12106.8794;0
12201.7033;0
12313.2235;0
12408.3192;0
12499.8361;0
12610.2801;0
12711.416;0
12806.4117;0
12901.2108;0
13011.9711;0
13106.7946;0
13201.782;0
13312.4019;0
13400.2673;0
13500.9376;0
13611.392;0
13711.458;0
13806.293;0
13901.2439;0
14000.8147;0
14111.612;0
14206.443;0
14301.6157;0
14412.166;0
14499.4924;0
14613.9371;0
14714.0515;0
14809.0688;0
14904.0466;0
15014.6676;0
15109.6748;0
15204.7399;0
15299.6578;0
15410.1095;0
15505.2394;0
15600.147;0
15710.6847;0
15805.6052;0
15900.3974;0
16011.0347;0
16105.8335;0
16200.8254;0
16311.4502;0
16409.8924;0
16499.8377;0
16604.7385;0
16699.5315;0
16810.2544;0
16905.1833;0
17000.1036;0
17110.5239;0
17205.6019;0
17300.6474;0
17411.1973;0
17500.625;0
17611.3854;0
17706.3827;0
17801.2432;0
17912.0506;0
18007.0247;0
18101.9746;0
18212.5692;0
18307.5468;0
18402.5679;0
18499.2048;0
18602.435;0
18713.186;0
18808.1991;0
18903.1632;0
19013.8004;0
19108.6262;0
19203.6645;0
19314.0889;0
19409.5174;0
19499.9617;0
19610.8482;0
19705.8811;0
19800.7862;0
19911.384;0
20006.3266;0
20101.1672;0
20211.7599;0
20306.7953;0
20401.7586;0
20500.8002;0
20608.476;0
20709.3516;0
20804.3414;0
20899.3875;0
21009.8484;0
21104.9944;0
21200.0119;0
21310.4711;0
21406.3594;0
21501.3941;0
21612.2785;0
21707.3783;0
21802.4155;0
21913.0038;0
22008.0928;0
22103.0403;0
22213.8529;0
22308.8284;0
22403.8269;0
22514.6645;0
22600.7818;0
22711.4572;0
22806.3729;0
22901.415;0
23011.8662;0
23106.9718;0
23201.7977;0
23312.3835;0
23407.5497;0
23502.5595;0
23609.4699;0
23704.4154;0
23799.6034;0
23910.3072;0
23999.2191;0
24110.1205;0
24205.1185;0
24300.0045;0
24410.7654;0
24505.9148;0
24599.3668;0
24709.9939;0
24804.9593;0
24899.8071;0
25010.7085;0
25105.6603;0
25200.4867;0
25311.3317;0
25400.9754;0
25500.0826;0
25611.1701;0
25705.9922;0
25801.0754;0
25911.6918;0
26006.6499;0
26101.6418;0
26212.0978;0
26307.1061;0
26402.2152;0
26512.925;0
26600.6893;0
26711.2937;0
26806.3058;0
26901.423;0
27012.1331;0
27107.2912;0
27202.2655;0
27312.8483;0
27407.6748;0
27502.7108;0
27612.9505;0
27708.0042;0
27803.1549;0
27913.7861;0
28008.7537;0
28103.7334;0
28214.4014;0
28309.392;0
28404.3829;0
28499.3407;0
28599.2855;0
28710.0242;0
28805.0387;0
28899.9247;0
29000.0012;0
29110.4309;0
29205.8698;0
29300.696;0
29411.2964;0
29506.4317;0
29613.3955;0
29714.2145;0
29809.2976;0
29904.3853;0
0;+Inf
99.9828;0
199.8441;0
299.8545;0
400.0349;0
499.9959;83.23251270027355
600.0073;0
700.0873;0
800.1048;0
900.0466;0
1000.3193;82.97372643450356
1100.2888;0
1200.4685;0
1300.4267;0
1400.2876;0
1500.4254;83.0853924640084
1600.2855;0
1700.5286;0
1800.3729;0
1900.5364;0
2000.4101;0
2100.4546;0
2200.938;0
2300.9418;0
2400.8807;0
2501.0901;83.02608305843717
2601.308;0
2701.383;0
2801.3497;0
2901.4065;0
3001.3037;0
3101.4683;0
3201.4849;0
3301.3064;0
3401.4231;0
3501.3108;0
3601.5158;0
3701.612;0
3801.6458;0
3901.4964;0
4001.5197;0
4101.5687;0
4201.4069;0
4301.3645;0
4401.4008;0
4501.3293;83.25976164532159
4601.5012;0
4701.6186;0
4801.5985;0
4901.6371;0
5001.5227;0
5112.3653;0
5207.19;0
5302.339;0
5412.9124;0
5508.426;0
5612.9933;0
5707.9902;0
5802.9392;0
5913.5998;0
6008.6587;0
6103.6128;0
6214.1574;0
6308.9581;0
6403.8683;0
6507.8173;0
6602.7828;0
6713.2429;0
6808.3649;0
6903.2751;0
7013.7875;0
7108.6609;0
7204.7521;0
7299.5453;0
7412.5741;0
7508.3958;0
7604.5416;0
7699.4641;0
7810.1615;0
7905.0824;0
8000.0072;0
8110.4312;0
8205.3815;0
8300.2592;0
8410.875;75.2151813243931
8500.1556;0
8610.5716;0
8706.8355;0
8806.6401;0
8901.5509;0
9011.9743;0
9106.8644;0
9201.8167;0
9312.5916;0
9407.6212;0
9506.5948;0
9601.4193;0
9711.9773;0
9806.9379;0
9902.0236;0
0;+Inf
95.0105;0
190.0918;0
296.9659;0
391.9388;0
497.7553;78.62674886485289
598.2052;0
693.2091;0
803.657;0
898.6443;0
1003.7528;79.15619302014981
1098.7585;0
1193.6062;0
1307.4053;0
1402.2772;0
1491.8755;92.8590658157899
1602.5065;0
1697.6469;0
1792.6311;0
1903.2446;0
1998.2305;0
2093.1821;0
2203.6424;0
2298.8179;0
2393.7788;0
2493.379;83.53405464234415
2603.9134;0
2699.1442;0
2793.963;0
2889.6982;0
3000.3827;0
3095.3708;0
3190.4736;0
3301.0023;0
3395.9582;0
3497.8489;0
3604.006;0
3699.1692;0
3794.0086;0
3904.7534;0
3999.6617;0
4094.481;0
4189.7294;0
4300.338;0
4395.9412;0
4495.4924;83.57523156947329
4590.572;0
4701.2346;0
4796.2018;0
4891.0373;0
5001.7475;0
5096.763;0
5191.7703;0
5302.2307;0
5397.2074;0
5500.4413;0
5595.4392;0
5690.4258;0
5800.9735;0
5896.0351;0
5990.8935;0
6101.6233;0
6196.4579;0
6291.7112;0
0;+Inf
94.995;0
205.5724;0
300.498;0
395.5109;0
507.5071;0
602.4404;0
697.3983;0
815.6456;0
910.1475;0
1000.6293;0
1095.6451;0
1206.526;0
1301.6998;0
1396.5066;0
1501.9867;0
1597.1345;0
1708.0159;0
1802.9003;0
1897.8515;0
2008.4671;0
2103.4589;0
2198.3944;0
2308.9856;0
2403.9775;0
2502.211;0
2597.2077;0
2721.2684;0
2818.4217;0
2897.3718;0
3008.4164;0
3103.7086;0
3199.0406;0
3295.2089;0
3405.7501;0
3503.2539;0
3598.2319;0
3708.9217;0
3794.7766;0
3905.3178;0
4000.24;0
4095.3932;0
4205.8438;0
4300.7999;0
4395.9113;0
4496.9408;0
4607.4006;0
4702.4995;0
4797.4487;0
4896.4834;0
5007.0856;0
5101.9467;0
5196.9723;0
5307.6993;0
5402.5583;0
5504.1827;0
5599.1156;0
5709.6825;0
5804.6593;0
5899.494;0
6000.9026;0
6095.922;0
6206.5281;0
6301.4767;0
6396.4727;0
6504.8029;0
6599.7562;0
6694.8842;0
6805.488;0
6896.6304;0
7007.3646;0
7102.3737;0
7197.2086;0
7307.8985;0
7402.7237;0
7506.3643;0
7601.1987;0
7696.2117;0
7806.8092;0
7901.7343;0
7996.7153;0
8107.3937;0
8202.5356;0
8297.3603;0
8408.2204;0
8497.2266;0
8607.839;0
8702.8196;0
8797.6622;0
8895.7795;0
9006.2341;0
9101.3129;0
9196.3544;0
9306.8141;0
9401.977;0
9496.2323;0
9606.7709;0
9701.5987;0
9807.4574;0
9902.3607;0
9997.154;0
10103.0133;0
10197.859;0
10308.6335;0
10403.6092;0
10494.9841;0
10605.5341;0
10700.3648;0
10795.3309;0
10895.9868;0
11006.5835;0
11101.5296;0
11196.3522;0
11307.4136;0
11402.5146;0
11494.6134;0
11605.1904;0
11700.1633;0
11795.1397;0
11905.7171;0
12000.5403;0
12095.6258;0
12206.2211;0
12301.1731;0
12396.1332;0
12494.6219;0
12605.0599;0
12700.153;0
12795.1542;0
12896.4372;0
12997.4014;0
13097.4162;0
13208.039;0
13303.1745;0
13398.0971;0
13495.2774;0
13605.8613;0
13700.6911;0
13795.7815;0
13906.2451;0
14001.4221;0
14096.3633;0
14206.9231;0
14301.7587;0
14396.8687;0
14494.7443;0
14605.3098;0
14700.1449;0
14795.2896;0
14905.7432;0
14997.827;0
15097.8432;0
15208.3287;0
15303.4345;0
15398.423;0
15496.4367;0
15606.9864;0
15701.9653;0
15797.2207;0
15907.837;0
16002.7702;0
16097.6836;0
16208.1432;0
16303.3434;0
16398.3796;0
16494.7917;0
16605.2683;0
16700.2069;0
16795.1105;0
16905.7284;0
17004.0105;0
17098.9448;0
17209.5576;0
17304.4701;0
17399.5176;0
17496.4571;0
17613.2584;0
17695.6216;0
17806.2102;0
17901.1603;0
17995.9953;0
18102.221;0
18197.2063;0
18307.712;0
18402.6107;0
18494.9534;0
18605.5865;0
18700.4841;0
18798.0999;0
18908.9715;0
18995.9919;0
19106.4534;0
19201.4035;0
19296.437;0
19406.9034;0
19496.5399;0
19607.1529;0
19702.1523;0
19797.1478;0
19907.5969;0
20002.7228;0
20097.5822;0
20208.3434;0
20303.2911;0
20398.1156;0
20496.2797;0
20606.7207;0
20701.7702;0
20796.7309;0
20907.3671;0
20995.0212;0
21105.7739;0
21200.769;0
21295.6044;0
21406.293;0
21495.2268;0
21605.7883;0
21700.7729;0
21795.7672;0
21906.2264;0
22001.243;0
22096.2092;0
22206.663;0
22301.6277;0
22396.6027;0
22496.2161;0
22606.6771;0
22701.6543;0
22796.5887;0
22907.2662;0
22995.093;0
23105.547;0
23200.5115;0
23295.6285;0
23406.2059;0
23494.9842;0
23605.4332;0
23700.3988;0
23795.6492;0
23906.3843;0
24001.407;0
24096.2432;0
24206.8356;0
24301.7881;0
24396.8387;0
24495.942;0
24606.4129;0
24701.5603;0
24796.5011;0
24907.1158;0
24994.8658;0
25105.4558;0
25200.291;0
25295.3586;0
25405.9734;0
25496.3656;0
25606.8016;0
25701.92;0
25796.8475;0
25907.512;0
26002.5333;0
26097.3751;0
26208.0699;0
26302.9786;0
26397.8859;0
26496.2899;0
26606.8585;0
26701.6938;0
26796.6987;0
26907.3449;0
26994.7345;0
27105.4355;0
27200.2896;0
27295.3019;0
27406.0237;0
27494.7958;0
27605.4168;0
27700.3944;0
27795.2198;0
27905.8348;0
28000.9695;0
28095.9377;0
28206.3862;0
28301.3603;0
28396.3329;0
28494.848;0
28605.2902;0
28700.21;0
28795.1305;0
28905.7048;0
29000.7352;0
29107.8726;0
29202.8524;0
29297.6758;0
29408.4582;0
29494.692;0
29605.2596;0
29700.1989;0
29795.1178;0
29905.7275;0
0;+Inf
105.8254;0
200.8122;0
295.7934;0
406.3564;0
496.8628;91.9272538938373
607.4216;0
702.405;0
797.2343;0
908.0988;0
997.4626;93.10235360006557
1108.3014;0
1203.2538;0
1298.1943;0
1393.1336;0
1497.6861;79.57743913545019
1608.1409;0
1703.5634;0
1798.6733;0
1893.5236;0
2004.3023;0
2099.2687;0
2194.2568;0
2304.7165;0
2400.0012;0
2503.749;80.19446948001064
2598.9297;0
2693.995;0
2804.7241;0
2899.7076;0
2994.6156;0
3105.1994;0
3200.2064;0
3295.0419;0
3405.7226;0
3504.9387;0
3599.9256;0
3694.8833;0
3805.5686;0
3900.53;0
3995.3627;0
4106.2149;0
4201.0362;0
4295.9979;0
4393.3624;0
4503.2573;75.70861751049696
4602.841;0
4703.4287;0
4803.3537;0
4903.3614;0
5003.3455;0
5093.1593;0
5193.2451;0
5293.169;0
5393.3243;0
5493.2062;0
5603.4175;0
5703.037;0
5803.0776;0
5903.2197;0
6003.2284;0
6103.1313;0
6203.3053;0
6303.2784;0
6403.4793;0
6493.0595;0
6593.4202;0
6693.5223;0
6813.0196;0
6913.2147;0
6995.5059;0
7106.0119;0
7201.1738;0
7293.9142;0
7393.8538;0
7496.4575;0
7607.0005;0
7701.8355;0
7798.122;0
7893.1455;0
8003.8031;0
8098.793;0
8194.0168;0
8304.4698;0
8399.571;0
8499.0912;83.60106467795944
8593.9363;0
8704.8525;0
8799.9974;0
8894.9294;0
9005.3578;0
9100.4945;0
9195.4854;0
9306.0637;0
9400.9593;0
9507.1544;0
9602.1083;0
9697.0934;0
9807.7706;0
9902.7625;0
0.1714;76909.24608819345
95.018;0
205.749;0
300.6661;0
395.6805;0
509.2442;0
604.1659;0
699.105;0
794.0457;0
907.1653;0
1002.1838;0
1108.8603;0
1200.5909;0
1295.6562;0
1406.8734;0
1501.778;0
1596.702;0
1707.2885;0
1802.1313;0
1897.1761;0
2003.2581;0
2098.4156;0
2209.1546;0
2304.2012;0
2399.0386;0
2494.5005;0
2605.1459;0
2700.2782;0
2795.2197;0
2898.4492;0
3006.3358;0
3101.8016;0
3200.4631;0
3295.6791;0
3410.2513;0
3505.2029;0
3600.111;0
3694.9748;0
3805.5612;0
3900.5688;0
4005.6419;0
4100.4872;0
4195.7196;0
4306.3654;0
4401.3351;0
4496.4042;0
4607.0183;0
4701.9735;0
4796.9545;0
4896.149;0
5005.995;0
5101.0185;0
5195.9616;0
5306.7911;0
5401.8929;0
5496.7297;0
5607.4687;0
5702.297;0
5797.3556;0
5907.9435;0
6006.7682;0
6101.7759;0
6196.9058;0
6307.3667;0
6402.4325;0
6497.5135;0
6608.081;0
6702.9373;0
6798.038;0
6894.4695;0
7007.5147;0
7102.5745;0
7197.5704;0
7308.1879;0
7403.0129;0
7498.0504;0
7608.7548;0
7703.5898;0
7798.6187;0
7909.2346;0
8008.2162;0
8103.0533;0
8198.2222;0
8308.6701;0
8403.7418;0
8498.5433;0
8593.5386;0
8704.1264;0
8799.2279;0
8894.0064;0
9009.1594;0
9103.9957;0
9199.1297;0
9293.9961;0
9404.7504;0
9499.5769;0
9594.6151;0
9705.2712;0
9800.1068;0
9895.0831;0
9993.7817;0
10104.2417;0
10199.3237;0
10294.2786;0
10404.8803;0
10499.8452;0
10594.8546;0
10705.3282;0
10800.4236;0
10893.535;0
10994.169;0
11104.8231;0
11199.6399;0
11294.7337;0
11405.3669;0
11500.3715;0
11595.3678;0
11705.9177;0
11800.8526;0
11895.6822;0
11995.1289;0
12105.6942;0
12200.7349;0
12295.7206;0
12406.2685;0
12501.0995;0
12596.3249;0
12706.8996;0
12801.8375;0
12895.2121;0
12995.7537;0
13106.2128;0
13202.0561;0
13297.0307;0
13407.4906;0
13502.6891;0
13597.541;0
13708.2523;0
13803.1731;0
13898.184;0
13996.5378;0
14107.1608;0
14202.1326;0
14297.1635;0
14407.7855;0
14502.9374;0
14597.7831;0
14708.4826;0
14803.4752;0
14893.7794;0
14998.0236;0
15108.4494;0
15203.5264;0
15298.4865;0
15409.0389;0
15503.98;0
15598.9634;0
15694.1525;0
15804.7103;0
15899.7302;0
15999.0019;0
16093.9112;0
16203.4637;0
16298.3961;0
16409.0072;0
16503.9082;0
16598.8379;0
16693.7525;0
16804.2447;0
16899.1855;0
16999.3497;0
17094.2255;0
17204.8385;0
17299.6388;0
17394.5758;0
17505.3482;0
17600.28;0
17695.1901;0
17805.6383;0
17900.8624;0
18000.0601;0
18095.035;0
18205.7493;0
18300.5753;0
18395.5838;0
18506.1832;0
18601.3498;0
18696.2442;0
18806.8848;0
18901.7511;0
19000.2651;0
19095.1368;0
19206.1602;0
19301.1228;0
19396.0404;0
19506.4994;0
19601.4999;0
19696.5947;0
19807.1361;0
19902.0055;0
20000.682;0
20095.829;0
20206.4196;0
20301.2547;0
20396.249;0
20506.8641;0
20601.8226;0
20696.9559;0
20807.5415;0
20902.4071;0
20994.8674;0
21105.4978;0
21200.326;0
21295.5845;0
21406.0436;0
21501.0178;0
21595.9508;0
21706.8665;0
21801.8019;0
21896.6406;0
22002.2887;0
22097.1988;0
22207.6584;0
22302.8287;0
22397.664;0
22508.2525;0
22603.3456;0
22698.8706;0
22793.8549;0
22904.3074;0
22994.0172;0
23104.4901;0
23199.5172;0
23294.6109;0
23405.2041;0
23500.1999;0
23595.1289;0
23705.7164;0
23800.5432;0
23895.5195;0
24003.9764;0
24098.9764;0
24193.9624;0
24304.6873;0
24395.3105;0
24505.7638;0
24600.7283;0
24695.7624;0
24806.2179;0
24901.4232;0
24993.5961;0
25104.0409;0
25199.0788;0
25294.2648;0
25404.8968;0
25499.7326;0
25594.7856;0
25705.3664;0
25800.4387;0
25895.5207;0
26004.857;0
26099.7607;0
26194.8904;0
26305.5709;0
26400.4035;0
26495.6211;0
26606.1611;0
26701.1281;0
26796.0691;0
26906.7769;0
26994.7217;0
27105.1883;0
27200.2409;0
27295.1433;0
27405.7597;0
27500.9025;0
27595.9229;0
27706.8429;0
27801.8935;0
27896.7271;0
28005.8475;0
28102.2179;0
28200.2693;0
28295.3797;0
28405.8392;0
28501.0065;0
28596.2494;0
28706.8086;0
28801.8965;0
28896.88;0
28994.9154;0
29105.488;0
29200.4066;0
29295.415;0
29405.9198;0
29500.883;0
29595.8993;0
29706.4565;0
29801.567;0
29896.6184;0
0;+Inf
99.9243;0
199.9425;0
300.0938;0
400.0465;0
500.0552;83.19289123243864
600.2474;0
700.4846;0
804.5266;0
903.4557;84.10054933936142
1001.6223;0
1100.88;0
1201.0559;0
1301.6386;0
1401.1425;0
1500.9177;83.38749972472283
1600.9285;0
1701.0205;0
1801.0655;0
1885.5024;0
1985.6349;0
2085.6321;0
2185.4917;0
2285.7281;0
2385.543;0
2485.771;83.0107128764
2585.7844;0
2685.6728;0
2785.922;0
2885.799;0
2986.0356;0
3086.0604;0
3186.1013;0
3286.2978;0
3386.1587;0
3486.3534;0
3586.4339;0
3686.5488;0
3787.0203;0
3887.2991;0
3986.6064;0
4086.8633;0
4186.716;0
4287.243;0
4395.1333;0
4487.7818;89.80183826629565
4587.5748;0
4687.957;0
4789.776;0
4888.2139;0
4989.7553;0
5088.2959;0
5188.3976;0
5288.4232;0
5389.3239;0
5489.877;0
5588.3247;0
5688.3519;0
5788.5175;0
5888.6594;0
6004.9353;0
6104.5772;0
6204.8568;0
6304.6957;0
6405.1391;0
6494.9466;0
6594.6513;0
6704.7626;0
6805.0547;0
6905.8375;0
6994.7426;0
7085.8045;0
7204.7518;0
7304.6263;0
7386.4582;0
7494.7476;0
7594.9969;0
7695.2587;0
7795.0241;0
7895.1385;0
7994.6858;0
8094.8266;0
8194.8233;0
8295.0978;0
8390.4092;0
8490.6939;82.9638285544568
8591.0145;0
8691.043;0
8791.0769;0
8890.9393;0
8991.3101;0
9091.4086;0
9191.4264;0
9291.4746;0
9391.4654;0
9491.5991;0
9591.9531;0
9692.2881;0
9792.0961;0
9892.1424;0
0;+Inf
110.4968;0
199.4421;0
310.0232;0
404.9638;0
502.8539;0
602.7904;0
717.8386;0
814.1221;0
909.1214;0
1004.4932;0
1099.8346;0
1210.4716;0
1300.4157;0
1399.3545;0
1509.9915;0
1604.8989;0
1699.8162;0
1810.4172;0
1905.2485;0
2000.52;0
2110.9735;0
2205.9678;0
2301.0875;0
2399.1653;0
2509.6157;0
2606.9928;0
2702.1262;0
2812.8077;0
2912.5189;0
2999.4662;0
3112.0843;0
3207.2657;0
3299.6734;0
3410.2852;0
3505.3775;0
3600.3541;0
3710.8605;0
3805.8016;0
3900.7373;0
3999.3147;0
4109.9019;0
4204.7372;0
4299.7277;0
4410.4417;0
4505.5003;0
4600.361;0
4711.0685;0
4806.0096;0
4900.9624;0
5000.0267;0
5103.2915;0
5213.8488;0
5308.8349;0
5409.6874;0
5504.7711;0
5599.5986;0
5699.5694;0
5810.3129;0
5910.7506;0
5999.0764;0
6109.5196;0
6200.5503;0
6311.1305;0
6406.1792;0
6501.2267;0
6611.7348;0
6706.82;0
6801.7509;0
6912.2007;0
7007.3907;0
7102.4279;0
7199.3681;0
7309.8787;0
7414.885;0
7509.8853;0
7604.8245;0
7699.8387;0
7810.4596;0
7905.6598;0
8000.6412;0
8111.2139;0
8200.7138;0
8311.1655;0
8406.3261;0
8501.1634;0
8611.756;0
8706.8923;0
8801.9091;0
8912.3228;0
9007.4607;0
9102.454;0
9199.3277;0
9310.049;0
9412.1834;0
9507.157;0
9602.1548;0
9712.8246;0
9807.7317;0
9902.7198;0
10013.1686;0
10108.1276;0
10200.6726;0
10311.198;0
10406.116;0
10501.2314;0
10601.0928;0
10711.6957;0
10806.6684;0
10901.629;0
11012.2701;0
11107.2225;0
11199.3495;0
11309.7957;0
11399.5155;0
11510.1735;0
11604.9872;0
11704.4088;0
11799.2442;0
11914.7747;0
12009.6095;0
12104.6673;0
12199.32;0
12309.7654;0
12404.9471;0
12499.9583;0
12600.7772;0
12711.3015;0
12806.1317;0
12901.1828;0
13011.6309;0
13106.7784;0
13201.7861;0
13312.3005;0
13399.2539;0
13509.7951;0
13599.3344;0
13709.7788;0
13804.7476;0
13899.8946;0
14010.4317;0
14105.4249;0
14200.4419;0
14311.4008;0
14406.3914;0
14500.6893;0
14599.547;0
14710.1064;0
14805.0537;0
14899.8833;0
15010.688;0
15105.7688;0
15200.731;0
15306.9227;0
15399.7069;0
15510.274;0
15600.7036;0
15711.1472;0
15806.2879;0
15901.114;0
16011.856;0
16106.9459;0
16201.9639;0
16299.645;0
16402.4386;0
16513.0617;0
16599.5477;0
16710.1216;0
16804.9564;0
16899.9259;0
17010.5039;0
17105.8197;0
17200.7804;0
17306.3398;0
0;+Inf
17399.3155;0
99.9352;0
17500.5884;0
201.4429;0
17602.025;0
300.9101;0
17701.6475;0
399.5666;0
17801.6284;0
501.244;0
17901.8133;0
599.564;0
18000.2697;0
705.8827;0
18107.5772;0
799.775;0
18200.322;0
901.0897;0
18308.8926;0
1001.5134;0
18402.4082;0
1101.0251;0
18502.8432;0
1202.4599;0
18606.8738;0
1303.4928;0
18704.8013;0
1401.4202;0
18802.6139;0
1500.1995;0
18900.8574;0
1601.4765;0
19002.1161;0
1700.8775;0
19101.4638;0
1801.4541;0
19202.2366;0
1899.9527;0
19309.5349;0
2001.2842;0
19399.1335;0
2099.7502;0
19501.0187;0
2199.7432;0
19600.4975;0
2301.2176;0
19701.963;0
2400.5822;0
19801.4032;0
2501.3881;0
19902.0902;0
2600.773;0
20001.4674;0
2718.073;0
20100.4051;0
2800.0225;0
20200.8739;0
2903.4879;0
20310.6696;0
3001.292;0
20403.019;0
3100.6367;0
20502.1123;0
3199.7302;0
20600.3615;0
3301.2267;0
20702.5819;0
3400.1998;0
20801.0515;0
3499.6695;0
20902.9502;0
3599.569;0
21000.1983;0
3700.9951;0
21101.9014;0
3801.5173;0
21202.2889;0
3901.1202;0
21310.6526;0
4000.3826;0
21401.0365;0
4099.836;0
21500.7133;0
4200.3317;0
21601.0522;0
4300.7335;0
21701.3498;0
4401.1041;0
21801.7845;0
4499.7028;0
21900.2717;0
4601.1251;0
22001.9155;0
4699.6563;0
22100.4398;0
4801.1048;0
22201.7761;0
4899.6484;0
22312.3347;0
5001.2651;0
22401.9092;0
5099.9332;0
22500.4856;0
5201.468;0
22602.184;0
5300.8761;0
22701.4444;0
5401.4816;0
22802.0559;0
5500.8556;0
22901.5948;0
5601.342;0
23002.0509;0
5699.7722;0
23100.5326;0
5800.1476;0
23201.0515;0
5899.6689;0
23313.4002;0
6001.0651;0
23401.8741;0
6099.6169;0
23504.298;0
6200.067;0
23600.7997;0
6301.4158;0
23701.9522;0
6400.7353;0
23801.2866;0
6501.2638;0
23900.8854;0
6599.7349;0
24000.4684;0
6701.3475;0
24102.0358;0
6800.86;0
24201.4266;0
6901.467;0
24314.1268;0
7000.871;0
24401.5388;0
7101.3797;0
24502.0611;0
7200.7649;0
24601.4411;0
7301.1069;0
24703.3469;0
7401.1613;0
24801.958;0
7499.7985;0
24900.6416;0
7600.4567;0
25001.2556;0
7700.8735;0
25101.618;0
7800.2402;0
25201.0478;0
7899.8404;0
25314.5419;0
8001.3748;0
25399.9277;0
8100.5821;0
25512.4626;0
8201.0861;0
25601.8879;0
8299.6545;0
25702.4709;0
8400.0928;0
25800.9128;0
8500.527;0
25901.0997;0
8600.9436;0
26001.7144;0
8701.5072;0
26102.2465;0
8800.8645;0
26201.7464;0
8901.3632;0
26314.5245;0
9000.1498;0
26399.4715;0
9100.0884;0
26500.7935;0
9201.4416;0
26602.0681;0
9299.8382;0
26700.5763;0
9401.4523;0
26807.6931;0
9501.3136;0
26902.5218;0
9601.1389;0
27002.3403;0
9699.9576;0
27103.4932;0
9801.1115;0
27203.0997;0
9900.7177;0
27300.1146;0
9999.7305;0
27401.0514;0
10101.6681;0
27499.9901;0
10199.6081;0
27600.2465;0
10299.8626;0
27700.6568;0
10403.2715;0
27804.9611;0
10499.5809;0
27900.0943;0
10599.9265;0
28000.6704;0
10701.2867;0
28101.8225;0
10799.7128;0
28200.4896;0
10901.1518;0
28300.3859;0
11001.0051;0
28399.3248;0
11099.9417;0
28500.6086;0
11201.226;0
28602.0388;0
11299.7391;0
28700.4544;0
11401.0705;0
28802.3627;0
11499.9811;0
28900.6743;0
11601.2934;0
29001.9507;0
11699.7792;0
29100.4727;0
11800.0964;0
29200.6337;0
11899.5578;0
29300.6777;0
12001.4222;0
29399.774;0
12099.5898;0
29500.9591;0
12199.5765;0
29600.2892;0
12300.9072;0
29701.6855;0
12401.3032;0
29801.8457;0
12499.583;0
29903.7381;0
0;+Inf
95.0143;0
189.8405;0
300.6987;0
395.6925;87.58479956000349
501.1587;0
596.1793;0
691.1092;0
801.6785;0
896.7346;0
1001.6973;79.26629404526815
1096.7174;0
1189.8341;0
1296.7885;0
1391.8799;0
1496.2274;79.73346310785011
1591.7375;0
1702.255;0
1797.1378;0
1892.1281;0
2002.7215;0
2097.6974;0
2192.6833;0
2303.2926;0
2398.4633;0
2489.9924;90.90009949240203
2600.6287;0
2695.4644;0
2790.5213;0
2901.0174;0
2995.9846;0
3091.1241;0
3201.6794;0
3296.602;0
3391.425;0
3498.2803;0
3593.1081;0
3703.8098;0
3798.7183;0
3893.6217;0
3988.8967;0
4099.6154;0
4194.4543;0
4289.777;0
4400.4501;0
4488.5683;94.41867166114393
4599.2285;0
4694.2152;0
4789.2262;0
4899.9179;0
4995.2202;0
5090.073;0
5200.8274;0
5295.952;0
5400.7407;0
5500.3421;0
5595.4499;0
5690.473;0
5801.1285;0
5896.031;0
5990.8457;0
6101.6409;0
6196.6228;0
6291.5885;0
6403.0976;0
6501.3606;0
6596.1872;0
6691.2748;0
6801.7179;0
6896.7251;0
6991.5605;0
7102.2443;0
7197.2195;0
7292.1723;0
7402.7722;0
7501.4865;0
7596.4325;0
7691.3687;0
7801.984;0
7896.8367;0
7991.9541;0
8102.6;0
8197.6747;0
8293.201;0
8391.9507;0
8488.6974;85.99787016054547
8599.4129;0
8694.4253;0
8789.4147;0
8900.0372;0
8994.8735;0
9090.0827;0
9200.7661;0
9295.7203;0
9390.6464;0
9500.9175;0
9595.8883;0
9690.6815;0
9801.6656;0
9896.4626;0
0;+Inf
94.982;0
189.9718;0
300.4225;0
395.6612;0
490.6443;0
601.4463;0
696.4581;0
791.2616;0
888.361;0
999.2023;0
1096.1283;0
1191.1486;0
1302.2384;0
1397.3344;0
1492.4597;0
1588.1197;0
1698.7123;0
1789.0575;0
1902.1489;0
1996.9754;0
2097.0683;0
2192.0581;0
2302.6652;0
2397.7274;0
2492.7449;0
2587.604;0
2698.3369;0
2793.3878;0
2888.3717;0
3002.5935;0
3101.8876;0
3197.1835;0
3292.3303;0
3387.1272;0
3488.3649;0
3600.5638;0
3698.5923;0
3793.716;0
3896.729;0
3991.6942;0
4099.691;0
4194.4915;0
4289.4482;0
4400.1252;0
4495.4264;0
4590.3697;0
4700.9981;0
4795.8867;0
4890.8991;0
5001.5725;0
5100.4308;0
5195.4017;0
5290.5533;0
5401.2747;0
5496.244;0
5591.0737;0
5701.6242;0
5796.9515;0
5894.7697;0
5989.7027;0
6101.654;0
6196.7671;0
6291.7282;0
6402.1655;0
6497.3984;0
6592.2258;0
6687.1954;0
6797.7551;0
6892.7777;0
6987.7164;0
7102.9;0
7197.7664;0
7292.9668;0
7393.9918;0
7488.8905;0
7599.4724;0
7694.4592;0
7789.6272;0
7887.5732;0
7998.1766;0
8094.6915;0
8189.6552;0
8300.4067;0
8395.4375;0
8490.4328;0
8601.0967;0
8696.1025;0
8791.0667;0
8901.5267;0
8996.603;0
9089.1167;0
9199.6941;0
9294.6998;0
9389.697;0
9500.3856;0
9595.5725;0
9690.5562;0
9801.1392;0
9887.2745;0
9997.7187;0
10089.1945;0
10199.6437;0
10294.8261;0
10389.6378;0
10500.4278;0
10595.4045;0
10690.367;0
10800.9638;0
10895.9106;0
10990.7518;0
11089.4146;0
11199.9869;0
11295.0642;0
11389.8902;0
11491.2014;0
11601.916;0
11696.8484;0
11791.7998;0
11888.859;0
11997.3486;0
12095.3988;0
12190.9009;0
12301.3625;0
12396.24;0
12491.3309;0
12602.032;0
12696.8772;0
12791.8437;0
12902.5221;0
12997.4329;0
13090.6717;0
13201.2199;0
13296.3244;0
13391.3392;0
13501.9029;0
13596.8677;0
13691.8604;0
13802.4248;0
13888.815;0
13999.3899;0
14092.8065;0
14188.326;0
14298.8209;0
14394.0505;0
14489.0795;0
14599.5014;0
14694.6305;0
14789.5395;0
14900.1681;0
14995.1429;0
15095.5757;0
15190.4574;0
15301.2375;0
15396.2361;0
15491.2645;0
15601.7986;0
15696.8693;0
15791.7816;0
15887.1541;0
15997.6026;0
16092.9149;0
16188.6592;0
16299.3438;0
16394.2785;0
16489.3864;0
16590.9029;0
16701.9103;0
16796.9352;0
16891.7679;0
17002.597;0
17094.8868;0
17190.2936;0
17300.8277;0
17395.8219;0
17490.8161;0
17598.5656;0
17693.4312;0
17788.4219;0
17887.3703;0
17991.327;0
18089.0395;0
0;+Inf
18187.3136;0
98.3246;0
18288.839;0
199.8702;0
18387.1841;0
298.3356;0
18488.6475;0
399.6211;0
18587.9315;0
498.9482;0
18687.2594;0
598.3417;0
18791.6497;0
703.3654;0
18889.6773;0
803.2177;0
18994.5269;0
894.1601;0
19089.4676;0
1013.921;0
19187.2394;0
1099.0834;0
19289.3922;0
1201.7454;0
19389.0563;0
1301.8515;0
19488.1621;0
1400.1448;0
19587.4572;0
1499.1802;0
19697.7146;0
1594.2029;0
19804.4994;0
1696.1384;0
19904.438;0
1793.0796;0
19987.3873;0
1893.0192;0
20087.3272;0
1998.2765;0
20188.5883;0
2099.779;0
20287.0914;0
2198.1093;0
20388.4217;0
2299.2929;0
20487.1163;0
2398.0817;0
20588.5298;0
2499.4458;0
20687.1048;0
2598.1386;0
20788.4499;0
2700.8094;0
20887.1211;0
2798.0903;0
20988.4002;0
2903.0251;0
21087.3392;0
3000.2124;0
21187.5249;0
3099.3198;0
21288.6302;0
3199.7257;0
21392.0347;0
3303.055;0
21487.3686;0
3398.6097;0
21588.9191;0
3499.9108;0
21687.2229;0
3598.3251;0
21787.6368;0
3698.8321;0
21887.1431;0
3792.7733;0
21989.0797;0
3894.7102;0
22088.0192;0
3998.9571;0
22187.4503;0
4098.4628;0
22288.8242;0
4199.8347;0
22387.1445;0
4298.2369;0
22488.7442;0
4399.6271;0
22587.2147;0
4494.1271;0
22688.7686;0
4599.7767;0
22787.1891;0
4698.1812;0
22888.6506;0
4799.7422;0
22989.052;0
4892.8272;0
23087.1754;0
4998.116;0
23188.5248;0
5099.405;0
23288.9472;0
5199.9429;0
23387.3076;0
5298.3561;0
23487.7663;0
5398.8321;0
23587.2142;0
5502.062;0
23688.676;0
5599.5626;0
23787.1763;0
5698.1621;0
23888.6176;0
5792.9954;0
23988.8753;0
5892.9598;0
24087.8385;0
5998.7185;0
24187.3388;0
6098.3743;0
24288.8887;0
6199.8974;0
24387.2103;0
6298.3864;0
24487.7;0
6398.6535;0
24587.236;0
6502.2088;0
24687.5257;0
6598.3993;0
24788.9442;0
6697.9754;0
24887.2913;0
6797.763;0
24987.1223;0
6893.2531;0
25088.5598;0
6997.9521;0
25187.2632;0
7098.1747;0
25288.4854;0
7198.2814;0
25388.9458;0
7298.2122;0
25487.7892;0
7398.5571;0
25589.0425;0
7498.9538;0
25687.3552;0
7598.7499;0
25787.2423;0
7698.836;0
25888.3246;0
7793.4861;0
25987.1897;0
7893.4832;0
26089.0068;0
7999.2878;0
26187.9077;0
8099.5769;0
26287.9509;0
8199.6065;0
26389.0186;0
8299.5077;0
26488.0106;0
8399.4131;0
26587.9334;0
8493.2398;0
26687.8057;0
8600.0918;0
26787.6321;0
8699.6839;0
26889.0456;0
8799.7999;0
26987.2395;0
8893.9408;0
27088.4446;0
9000.3559;0
27188.8244;0
9100.2408;0
27288.8584;0
9200.4509;0
27387.7637;0
9300.3765;0
27487.7376;0
9400.2324;0
27587.6337;0
9492.7388;0
27687.1897;0
9600.7694;0
27787.1278;0
9700.5381;0
27888.1468;0
9793.2129;0
27988.8808;0
9894.4716;0
28087.8636;0
10001.4161;0
28187.8415;0
10101.6142;0
28287.216;0
10201.2665;0
28388.803;0
10301.4046;0
28488.8016;0
10401.3533;0
28587.6683;0
10492.8463;0
28687.414;0
10601.4672;0
28787.7946;0
10701.3548;0
28888.9724;0
10801.5245;0
28987.9332;0
10893.1198;0
29087.787;0
11001.8114;0
29187.1766;0
11101.7347;0
29288.0488;0
11201.6619;0
29387.2124;0
11301.8652;0
29488.2303;0
11401.845;0
29588.3314;0
11492.9225;0
29687.2726;0
11601.8709;0
29788.2821;0
11701.8763;0
29888.3792;0
0.1619;51400.78431372549
95.2757;0
190.2971;0
300.8851;0
395.6766;0
500.7675;79.16943313207248
595.5938;0
690.7423;0
801.5106;0
896.4538;0
1001.3215;79.33789481281094
1096.5387;0
1191.3794;0
1302.1524;0
1396.9467;0
1503.0471;78.41651594851191
1597.9015;0
1692.9613;0
1803.7971;0
1898.9192;0
1993.9449;0
2088.7497;0
2199.5759;0
2294.5957;0
2398.5522;0
2504.384;78.61532179742414
2599.7834;0
2694.8682;0
2791.9742;0
2902.7759;0
2997.8253;0
3093.1908;0
3189.5014;0
3300.4878;0
3396.3949;0
3494.3041;0
3589.3166;0
3700.469;0
3795.5565;0
3890.7638;0
4001.2512;0
4096.2923;0
4191.2547;0
4301.8426;0
4396.9802;0
4489.3732;90.04980935041736
4599.8182;0
4694.9995;0
4789.8414;0
4900.7493;0
4995.6154;0
5090.8207;0
5201.2897;0
5296.4172;0
5391.3965;0
5494.4963;0
5589.3325;0
5700.0523;0
5795.0439;0
5889.9255;0
6000.6967;0
6095.5402;0
6190.5242;0
6301.3487;0
6396.3397;0
6495.2013;0
6590.438;0
6701.0569;0
6795.9287;0
6890.9213;0
7001.7323;0
7096.7554;0
7191.7376;0
7302.2219;0
7397.324;0
7496.1929;0
7591.2026;0
7701.942;0
7796.9542;0
7891.9966;0
8002.6247;0
8097.5714;0
8192.4165;0
8303.0619;0
8398.3246;0
8489.5658;91.18686517322944
8600.2911;0
8695.2634;0
8790.3375;0
8900.8839;0
8995.9696;0
9090.9616;0
9201.5265;0
9296.4044;0
9391.4421;0
9495.3972;0
9590.5039;0
9700.9551;0
9796.137;0
9890.9712;0
0;+Inf
100.2849;0
202.672;0
313.2779;0
403.6655;0.6195516828773543
514.2583;0
609.2438;0
704.358;0
815.4252;0.5041995379519092
900.2776;0
1012.3402;0
1108.5703;0
1203.7158;0
1314.1877;0
1409.3723;0
1504.7037;0
1599.6445;0.5898420323135593
1711.0212;0
1805.9678;0
1901.2419;0
1999.6242;0
2110.2095;0
2205.2047;0
2300.1817;0
2410.7861;0
2506.0082;0
2609.3416;0
2704.5817;0
2799.831;0
2911.2889;0
3006.2244;0
3104.5378;0
3199.4788;0.589840515534435
3310.5823;0
3405.4097;0
3500.7762;0
3611.2033;0
3706.2281;0
3801.3145;0
3902.0139;0
4000.9874;0
4103.9449;0
4199.1325;0
4309.7293;0
4404.8063;0
4499.6428;0
4610.3832;0
4705.3433;0
4800.2824;0
4910.8396;0
5005.6859;0
5100.6677;0
5200.9368;0
5311.3763;0
5406.4603;0
5501.2913;0
5612.0463;0
5707.0007;0
5801.9962;0
5900.8211;0
6011.4177;0
6103.5098;0
6199.4785;0
6310.0791;0
6399.7088;0.624793325397755
6510.155;0
6605.5134;0
6700.4853;0
6811.1658;0
6913.5401;0
7008.5047;0
7103.6841;0
7214.2999;0
7309.3537;0
7399.0847;0
7509.6692;0
7604.6002;0
7699.4257;0
7810.22;0
7905.0818;0
8000.0461;0
8099.2809;0
8209.8455;0
8304.7801;0
8399.3876;0
8509.8552;0
8605.1776;0
8700.113;0
8810.5632;0
8905.5873;0
9000.7468;0
9111.3326;0
9206.2619;0
9301.3797;0
9400.9857;0
9511.5704;0
9606.4056;0
9701.4553;0
9812.1101;0
9907.0572;0
10002.1147;0
10099.1235;0
10209.6625;0
10304.5748;0
10399.2542;0
10509.839;0
10604.9386;0
10699.812;0
10810.832;0
10902.3364;0
11012.8054;0
11108.016;0
11202.949;0
11313.5639;0
11399.9155;0
11510.8263;0
11605.7067;0
11700.6793;0
11811.672;0
11906.5711;0
12001.5943;0
12100.0487;0
12210.5173;0
12305.7408;0
12400.2845;0
12510.9711;0
12605.8823;0
12700.8587;0
12799.3826;0.5683898561283001
12909.8295;0
13004.9137;0
13105.9083;0
13200.7755;0
13311.5743;0
13406.4774;0
13501.5948;0
13612.0169;0
13707.0943;0
13801.0377;0
13911.56;0
14006.5185;0
14100.4616;0
14210.977;0
14305.8694;0
14400.7492;0
14511.5441;0
14606.4531;0
14701.597;0
14799.5378;0
14910.2983;0
15005.1891;0
15100.0973;0
15210.6654;0
15305.5337;0
15400.5291;0
15511.0433;0
15605.9346;0
15700.8395;0
15799.7772;0
15902.874;0
16013.7659;0
16099.7146;0
16210.1383;0
16305.1526;0
16400.0916;0
16510.5984;0
16605.4766;0
16700.2764;0
16799.2031;0
16909.6469;0
17004.777;0
17099.6133;0
17200.6074;0
17311.2172;0
17406.2149;0
17501.3697;0
17611.9233;0
17706.7558;0
17800.9079;0
17911.5542;0
18006.5723;0
18099.9029;0
18210.4916;0
18305.3379;0
18400.4323;0
18510.8919;0
18605.9835;0
18700.9672;0
18799.0639;0
18904.0088;0
19014.5027;0
19109.5948;0
19204.4239;0
19299.4927;0
19410.1279;0
19505.1127;0
19600.0978;0
19710.5588;0
19799.227;0
19909.8646;0
20004.681;0
20099.8045;0
20207.9863;0
20302.9254;0
20413.3853;0
20508.3989;0
20603.5447;0
20714.0636;0
20799.8174;0
20903.6109;0
21014.1928;0
21109.2443;0
21204.2296;0
21299.4221;0
21409.9857;0
21505.0148;0
21599.85;0
21710.6538;0
21800.7243;0
21911.1707;0
22006.1173;0
22101.11;0
22203.5962;0
22314.4413;0
22409.4387;0
22504.4168;0
22610.3517;0
22710.4255;0
22799.3112;0
22910.7784;0
23010.9289;0
23111.3293;0
23210.6789;0
23310.9051;0
23410.9266;0
23510.778;0
23610.9596;0
23711.0143;0
23799.4113;0
23911.4984;0
24011.3312;0
24111.5995;0
24211.3933;0
24311.4283;0
24411.45;0
24511.3131;0
24611.6182;0
24711.6214;0
24799.8232;0
24912.1167;0
25012.1024;0
25112.1701;0
25212.1588;0
25312.1674;0
25412.3353;0
25512.1759;0
25600.8768;0.6313349976191721
25712.8574;0
25813.1723;0
25913.5191;0
26013.5533;0
26113.7788;0
26201.042;0
26314.1491;0
26414.1706;0
26514.2487;0
26599.6642;0
26714.2916;0
26814.3289;0
26914.6144;0
27000.1987;0
27109.0469;0
27213.8687;0
27314.0047;0
27413.8598;0
27514.0127;0
27599.8457;0
27714.4735;0
27814.7863;0
27914.4226;0
28014.3706;0
28114.4452;0
28200.7941;0
28299.8384;0
28399.5098;0
28499.3563;0
28599.9163;0
28700.272;0
28800.5202;0
28900.5731;0
29000.5938;0
29106.5768;0
29200.5448;0
29300.4366;0
29400.5778;0
29500.7966;0
29601.0314;0
29701.02;0
29801.0441;0
29901.058;0
0;+Inf
0;+Inf
99.9385;16.33000691341618
199.8787;0
299.7552;0
399.0985;0
504.5887;0
602.1852;0
712.7567;0
807.8891;0
907.2806;0
1003.4198;0
1102.6678;0
1205.9406;0
1312.4527;0
1409.8899;0
1511.598;0
1610.3359;0
1716.1754;0
1810.5879;0
1910.6733;0
2010.9274;0
2110.2369;0
2210.1246;0
2300.3033;0
2400.2481;0
2510.0871;0
2609.902;0
2710.3585;0
2810.1999;0
2910.0624;0
3010.0473;0
3110.1433;0
3210.6118;0
3299.0707;0
3400.2292;0
3510.1551;0
3610.029;0
3714.776;0
3809.6078;0
3899.9262;0
3999.8663;0
4106.7763;0
4201.7557;0
4312.1776;0
4413.1949;0
4508.4429;0
4604.078;0
4714.6867;0
4809.7284;0
4904.8739;0
4999.8708;0
5107.049;0
5201.8781;0
5312.6076;0
5407.5995;0
5502.541;0
5613.0555;0
5708.0985;0
5803.0868;0
5913.8647;0
6008.7114;0
6099.4975;0
6199.7652;0
6308.9905;0
6405.2743;0
6500.3003;0
6611.087;0
6706.07;0
6799.0803;0
6900.0504;0
7016.6413;0
7116.9606;0
7217.1505;0
7317.171;0
7417.3681;0
7506.849;0
7607.3776;0
7707.312;0
7806.8739;0
7906.9875;0
8007.1452;0
8117.1621;0
8212.2661;0
8317.1627;0
8407.1877;0
8507.2107;0
8601.0415;0
8699.0904;0
8800.2477;0
8899.1877;0
9006.8082;0
9116.8652;0
9216.8746;0
9317.1586;0
9402.6233;0
9512.2991;0
9607.2297;0
9703.0513;0
9813.7506;0
9908.7487;0
10003.7336;0
10113.5295;0
10208.7129;0
10300.8583;0
10399.7986;0
10504.8446;0
10599.6398;0
10710.5456;0
10805.4942;0
10900.6406;0
11011.0919;0
11100.7351;0
11199.6734;0
11299.6115;0
11413.2748;0
11499.0941;0
11600.2414;0
11710.5171;0
11805.5686;0
11899.898;0
11999.8358;0
12100.9869;0
12211.778;0
12306.5854;0
12399.9756;0
12510.538;0
12602.5889;0
12699.5289;0
12810.1353;0
12899.9086;0
12999.261;0
13106.1188;0
13201.0381;0
13311.662;0
13399.4227;0
13500.5457;0
13603.7367;0
13701.6753;0
13808.4911;0
13903.6001;0
14014.0386;0
14102.5941;0
14200.6287;0
14301.0389;0
14399.6829;0
14499.9961;0
14599.9338;0
14710.5981;0
14805.5695;0
14900.543;0
14999.5593;0
15099.9149;0
15211.5324;0
15301.0371;0
15399.9767;0
15507.0137;0
15602.0218;0
15701.7706;0
15800.0335;0
15913.2999;0
16008.4882;0
16099.2932;0
16199.2312;0
16305.0217;0
16399.5439;0
16499.2487;0
16599.3374;0
16710.4734;0
16799.1954;0
16899.1328;0
17005.6658;0
17099.8231;0
17199.4031;0
17305.2639;0
17400.9765;0
17499.4853;0
17599.4233;0
17701.3613;0
17799.3013;0
17899.7991;0
18005.7527;0
18106.7281;0
18201.763;0
18299.4233;0
18399.362;0
18513.0535;0
18599.7531;0
18699.7225;0
18814.6947;0
18909.6991;0
18999.5311;0
19099.4705;0
19209.8813;0
19299.3819;0
19400.7846;0
19505.6665;0
19600.7074;0
19711.3274;0
19806.4687;0
19901.353;0
20000.4083;0
20099.3455;0
20212.4016;0
20308.7864;0
20399.238;0
20511.1124;0
20605.9899;0
20701.0543;0
20799.1614;0
20899.0991;0
21000.0366;0
21108.3824;0
21203.3768;0
21299.6044;0
21399.6017;0
21499.5406;0
21599.479;0
21699.4884;0
21800.585;0
21900.0066;0
21999.53;0
22112.0165;0
22206.9653;0
22299.3857;0
22399.3243;0
22512.6108;0
22607.7612;0
22702.6935;0
22813.2928;0
22903.5731;0
22999.5126;0
23109.6195;0
23204.4823;0
23299.4919;0
23410.4203;0
23505.3519;0
23600.3486;0
23710.9851;0
23805.9228;0
23901.7426;0
24013.3359;0
24110.6131;0
24205.6038;0
24300.9499;0
24411.5778;0
24504.8592;0
24600.1129;0
24710.7667;0
24805.6991;0
24900.741;0
25011.3806;0
25111.1977;0
25206.245;0
25301.2978;0
25411.8627;0
25506.7881;0
25601.6148;0
25712.1579;0
25807.254;0
25902.1025;0
26012.7373;0
26111.5594;0
26206.5064;0
26301.3123;0
26412.126;0
26511.6095;0
26606.4554;0
26701.6388;0
26812.2869;0
26907.7864;0
27005.5033;0
27111.9403;0
27206.7472;0
27302.1439;0
27412.5177;0
27507.6223;0
27602.6572;0
27714.3612;0
27809.5555;0
27904.4937;0
27999.4764;0
28113.6372;0
28208.7645;0
28312.9592;0
28408.7505;0
28499.6945;0
28610.1329;0
28705.2556;0
28800.2599;0
28911.1739;0
29008.7248;0
29114.0161;0
29208.8283;0
29303.8915;0
29414.4904;0
29509.3575;0
29604.5066;0
29699.5058;0
29809.9344;0
29905.2133;0
30000.2024;0
0;+Inf
0;+Inf
99.9364;16.330365954951873
199.8752;0
299.2232;0
399.1644;0
506.4624;0
637.0095;0
701.104;0
822.4749;0
906.1911;0
1001.182;0
1113.6583;0
1209.6471;0
1328.8008;0
1399.7571;0
1511.5209;0
1609.2181;0
1701.7347;0
1802.6435;0
1901.0146;0
2000.9527;0
2100.8912;0
2199.8305;0
2299.7717;0
2411.6148;0
2506.5774;0
2601.8116;0
2712.6907;0
2807.6622;0
2902.6068;0
3013.5314;0
3100.204;0
3210.9388;0
3305.7742;0
3400.93;0
3511.3584;0
3606.5128;0
3701.9846;0
3812.6571;0
3907.9428;0
4011.4048;0
4101.213;0
4211.7032;0
4306.7349;0
4401.9091;0
4512.5779;0
4608.1821;0
4703.2058;0
4813.7655;0
4908.7293;0
5003.5406;0
5101.773;0
5212.7075;0
5308.0352;0
5402.8589;0
5514.0504;0
5609.6531;0
5704.7188;0
5799.669;0
5910.4286;0
5999.8414;0
6099.7864;0
6210.3514;0
6306.9468;0
6401.9517;0
6512.4731;0
6607.8378;0
6702.7967;0
6813.3968;0
6908.3832;0
7003.2933;0
7100.7241;0
7211.5869;0
7306.5603;0
7401.388;0
7512.3084;0
7607.9932;0
7703.0387;0
7813.6955;0
7908.7002;0
7999.357;0
8099.298;0
8209.931;0
8304.7466;0
8399.934;0
8513.0358;0
8609.1996;0
8704.0558;0
8814.7562;0
8909.7381;0
9005.3381;0
9100.2806;0
9210.8064;0
9305.6285;0
9400.6453;0
9511.2985;0
9608.0951;0
9702.8933;0
9813.8136;0
9908.8209;0
10000.7647;0
10099.7047;0
10210.3036;0
10305.2214;0
10400.1384;0
10510.7019;0
10605.6538;0
10762.3266;0
10801.303;0
10901.1886;0
11011.6995;0
11099.6451;0
11210.0734;0
11305.2341;0
11401.2257;0
11512.1442;0
11608.2224;0
11703.1051;0
11813.7645;0
11908.7809;0
11999.7252;0
12104.6604;0
12202.9867;0
12313.603;0
12408.6343;0
12503.4617;0
12614.2979;0
12709.3059;0
12804.2753;0
12899.2591;0
13009.8929;0
13099.9654;0
13210.5716;0
13305.7665;0
13400.5674;0
13513.8327;0
13608.8387;0
13703.6886;0
13814.3006;0
13909.3872;0
14000.5733;0
14100.7216;0
14211.3698;0
14306.3383;0
14403.2719;0
14514.0985;0
14609.1019;0
14703.9124;0
14814.6963;0
14909.7906;0
15004.7456;0
15101.0024;0
15211.6605;0
15314.2093;0
15409.211;0
15504.0383;0
15614.7679;0
15709.8885;0
15804.8885;0
15899.7363;0
15999.1663;0
16100.3041;0
16210.8323;0
16305.8866;0
16404.3125;0
16499.2496;0
16609.8891;0
16704.8743;0
16799.9242;0
16910.6066;0
17005.5435;0
17100.522;0
17211.0861;0
17306.0547;0
17400.9305;0
17511.88;0
17606.9579;0
17701.9154;0
17812.3652;0
17907.9543;0
17999.5468;0
18100.8286;0
18211.4733;0
18308.9677;0
18403.7886;0
18514.6341;0
18609.4636;0
18704.4824;0
18799.6138;0
18910.1972;0
19005.2853;0
19100.3484;0
19210.9124;0
19305.8727;0
19400.8333;0
19511.4636;0
19606.3878;0
19701.3532;0
19811.9843;0
19907.1574;0
20002.0297;0
20099.7421;0
20210.3196;0
20305.2444;0
20400.0425;0
20510.8452;0
20605.9535;0
20700.78;0
20811.8081;0
20907.1179;0
21002.3478;0
21100.4423;0
21210.9228;0
21307.6415;0
21402.6292;0
21513.6768;0
21608.4938;0
21703.4595;0
21814.2128;0
21909.2573;0
22004.285;0
22100.5198;0
22211.1401;0
22306.3158;0
22401.28;0
22511.7245;0
22606.9407;0
22701.8313;0
22812.4265;0
22907.5056;0
23002.4041;0
23099.3829;0
23209.9313;0
23304.7651;0
23399.9142;0
23500.8598;0
23611.5943;0
23706.5676;0
23801.4679;0
23912.1637;0
24007.2456;0
24100.3773;0
24210.9426;0
24308.0438;0
24403.107;0
24513.7629;0
24608.6087;0
24703.7445;0
24814.3018;0
24909.4067;0
25004.4398;0
25100.4169;0
25210.8573;0
25305.8583;0
25401.0335;0
25511.6654;0
25606.6545;0
25701.5731;0
25812.0056;0
25907.2047;0
26002.245;0
26100.465;0
26211.0457;0
26305.9187;0
26401.2899;0
26511.943;0
26606.8773;0
26701.8153;0
26812.507;0
26907.7472;0
27002.8646;0
27099.4475;0
27210.0524;0
27307.6991;0
27402.76;0
27513.7164;0
27608.6795;0
27703.7282;0
27814.4176;0
27909.4282;0
28004.2681;0
28099.3848;0
28209.8362;0
28304.7871;0
28399.8615;0
28501.769;0
28612.2755;0
28707.2854;0
28802.6471;0
28913.5353;0
29008.5474;0
29100.4898;0
29210.9099;0
29305.8229;0
29400.8095;0
29511.5442;0
29606.4981;0
29701.5329;0
29812.2049;0
29907.1241;0
30001.9612;0
0;+Inf
97.506;0
192.4836;0
302.9241;0
389.8708;0
494.7789;79.3076147944045
590.5403;0
705.9381;0
789.9545;0
902.3652;0
993.8177;90.97629668783654
1099.7161;0
1195.758;0
1292.0483;0
1402.6519;0
1498.1837;87.09147503948397
1593.0904;0
1703.7637;0
1798.9286;0
1894.1897;0
1989.2112;0
2099.897;0
2194.7185;0
2289.9574;0
2399.3262;0
2499.9603;82.67580792679229
2594.8358;0
2689.9548;0
2800.6147;0
2895.5699;0
2990.6085;0
3101.2751;0
3196.3842;0
3291.2327;0
3402.1007;0
3489.3995;0
3599.9741;0
3702.5531;0
3797.4855;0
3898.4674;0
3993.4894;0
4088.7052;0
4199.3593;0
4288.7156;0
4389.2968;0
4488.7483;83.65893954383544
4588.4689;0
4689.4069;0
4793.641;0
4888.5709;0
4999.0009;0
5094.0745;0
5188.9013;0
5299.6623;0
5398.8581;0
5492.4725;0
5603.1091;0
5689.1408;0
5788.522;0
5889.7944;0
5990.413;0
6088.5453;0
6189.9807;0
6288.8235;0
6389.0591;0
6490.4307;0
6589.3403;0
6689.4197;0
6788.9003;0
6888.5411;0
6988.6784;0
7104.0827;0
7199.1959;0
7294.1183;0
7389.1949;0
7494.4836;0
7589.6127;0
7700.2209;0
7795.2489;0
7890.0673;0
7991.2191;0
8101.9722;0
8196.8006;0
8292.0204;0
8402.6966;0
8490.0657;95.22786525645145
8589.3075;0
8688.6234;0
8790.295;0
8888.9294;0
9001.3975;0
9096.2566;0
9193.1648;0
9303.7805;0
9398.6319;0
9493.3785;0
9604.0424;0
9699.0717;0
9793.8976;0
9889.079;0
0;+Inf
94.961;0
189.8783;0
300.335;0
395.3771;0
500.7725;78.94074588834839
595.8943;0
690.9305;0
801.6386;0
896.7885;87.44097256077222
1001.7396;0
1096.7268;0
1191.7736;0
1302.4928;0
1397.5246;0
1502.6607;79.13542232687315
1597.7091;0
1692.6781;0
1797.7191;0
1892.6061;0
2003.2173;0
2098.262;0
2193.0902;0
2304.1155;0
2398.9385;0
2504.0578;79.14810402049382
2598.8656;0
2694.0067;0
2804.6022;0
2899.5894;0
2994.6236;0
3105.2178;0
3200.0469;0
3295.0058;0
3390.4142;0
3495.4623;0
3590.4909;0
3701.1119;0
3795.1715;0
3890.3568;0
4001.075;0
4096.0325;0
4191.1565;0
4301.6051;0
4396.819;0
4491.1698;88.18152413827009
4601.9669;0
4696.8401;0
4791.9815;0
4902.576;0
4997.8287;0
5092.8345;0
5203.2812;0
5298.5405;0
5393.579;0
5496.4056;0
5591.4456;0
5702.2353;0
5795.1383;0
5890.1592;0
6000.7741;0
6095.9576;0
6190.9121;0
6301.4084;0
6396.5858;0
6496.3799;0
6591.3666;0
6702.0883;0
6796.9113;0
6892.0014;0
7002.4395;0
7097.7996;0
7192.7981;0
7303.2219;0
7398.4743;0
7497.7456;0
7592.5572;0
7703.3579;0
7804.5939;0
7899.4618;0
7994.415;0
8089.6072;0
8200.2965;0
8295.2705;0
8390.382;0
8492.7481;81.27701286218878
8603.3127;0
8698.4374;0
8793.5566;0
8892.2156;0
9003.1631;0
9097.9853;0
9193.2292;0
9304.1567;0
9399.2753;0
9499.1247;0
9594.2111;0
9704.6497;0
9791.7868;0
9902.2126;0
0;+Inf
0;+Inf
101.1058;16.141521120230653
200.047;0
300.7772;0
400.7163;0
505.4837;0
614.4366;0
709.6957;0
806.5448;0
914.9135;0
1012.3557;0
1101.7672;0
1200.8598;0
1314.5421;0
1420.8466;0
1504.3308;0
1607.6546;0
1702.9462;0
1800.3228;0
1900.2595;0
2000.1984;0
2100.1369;0
2200.24;0
2300.2509;0
2405.6033;0
2500.8467;0
2613.777;0
2709.0706;0
2803.8876;0
2914.7615;0
3009.6477;0
3103.3479;0
3214.1383;0
3309.0196;0
3404.3222;0
3515.0974;0
3609.9314;0
3705.095;0
3799.913;0
3910.614;0
4001.6773;0
4103.827;0
4214.5756;0
4309.4006;0
4404.9341;0
4500.1876;0
4610.759;0
4705.7242;0
4800.8534;0
4911.4345;0
5006.3817;0
5104.5757;0
5215.4526;0
5310.9772;0
5406.0999;0
5501.2589;0
5611.9128;0
5708.3408;0
5804.3146;0
5902.6467;0
6000.5888;0
6100.4779;0
6200.4185;0
6300.0175;0
6401.449;0
6500.2354;0
6601.8386;0
6700.3711;0
6800.3072;0
6900.2491;0
7000.1865;0
7101.4383;0
7200.0182;0
7299.9086;0
7401.8442;0
7500.7867;0
7609.761;0
7704.7708;0
7815.4197;0
7910.3526;0
8000.2957;0
8105.7107;0
8200.6337;0
8311.1095;0
8406.4421;0
8501.4956;0
8612.1538;0
8707.2085;0
8802.3557;0
8912.9596;0
9007.9424;0
9106.1004;0
9201.1045;0
9311.7086;0
9407.1509;0
9501.9494;0
9612.881;0
9707.9274;0
9803.0675;0
9913.6327;0
10001.8672;0
10107.2178;0
10201.3035;0
10301.6984;0
10400.1144;0
10501.4208;0
10600.3605;0
10700.301;0
10801.7551;0
10900.3543;0
11001.3704;0
11100.3275;0
11199.9155;0
11301.3052;0
11400.0486;0
11499.9581;0
11599.8952;0
11707.3229;0
11810.7536;0
11906.074;0
12000.5677;0
12108.9131;0
12203.7629;0
12314.5737;0
12409.5989;0
12504.536;0
12615.0817;0
12710.0844;0
12805.0801;0
12900.2022;0
13011.3978;0
13110.778;0
13205.9311;0
13300.9626;0
13411.4415;0
13506.7083;0
13601.5871;0
13712.1153;0
13807.1075;0
13902.1004;0
14012.6007;0
14111.9706;0
14206.8601;0
14301.7512;0
14412.3981;0
14507.2018;0
14602.2692;0
14712.809;0
14807.7105;0
14902.4928;0
15013.2195;0
15113.5239;0
15208.5879;0
15300.0602;0
15400.1567;0
15505.9933;0
15601.3439;0
15711.8476;0
15806.6639;0
15902.0431;0
16012.758;0
16113.9214;0
16209.0226;0
16304.0653;0
16400.0903;0
16501.7758;0
16600.2777;0
16701.7129;0
16800.4006;0
16901.8427;0
17000.2924;0
17100.2309;0
17200.1704;0
17301.2341;0
17402.0436;0
17515.2964;0
17610.1571;0
17705.6792;0
17800.687;0
17912.6124;0
18014.555;0
18100.0256;0
18210.6673;0
18305.7806;0
18401.0569;0
18511.8599;0
18607.2638;0
18702.3855;0
18812.813;0
18908.7367;0
19003.7798;0
19115.053;0
19209.9862;0
19304.8014;0
19415.5669;0
19510.4747;0
19605.685;0
19700.6261;0
19811.1447;0
19906.0774;0
20000.8823;0
20099.9563;0
20210.5108;0
20306.4042;0
20401.4121;0
20512.0101;0
20606.8543;0
20701.8121;0
20812.3363;0
20907.477;0
21008.7853;0
21100.4338;0
21211.185;0
21306.054;0
21401.1793;0
21511.6827;0
21607.6223;0
21702.5838;0
21813.406;0
21908.2444;0
22003.5003;0
22101.7305;0
22212.3219;0
22307.1494;0
22402.2699;0
22512.9839;0
22607.8953;0
22702.8352;0
22813.5276;0
22908.3336;0
23003.5211;0
23102.6177;0
23213.0978;0
23308.0914;0
23403.7754;0
23500.5003;0
23611.042;0
23706.005;0
23801.0897;0
23912.0143;0
24007.0281;0
24101.2395;0
24211.6753;0
24306.814;0
24401.7782;0
24512.3512;0
24607.2759;0
24702.2224;0
24812.6772;0
24908.0221;0
25003.0335;0
25100.1073;0
25210.6259;0
25305.5221;0
25400.8552;0
25500.2146;0
0;+Inf
0;+Inf
100.3037;16.270584455413733
200.2413;0
299.1808;0
401.2352;0
500.1088;0
610.5768;0
712.1326;0
833.1185;0
907.0705;0
1003.0121;0
1106.6447;0
1211.6553;0
1324.0343;0
1426.9698;0
1511.385;0
1600.92;0
1711.4321;0
1799.1415;0
1899.0804;0
2000.0185;0
2099.9562;0
2199.895;0
2306.4461;0
2410.9776;0
2511.4392;0
2612.5691;0
2712.8277;0
2812.858;0
2912.5238;0
3012.5787;0
3112.4944;0
3212.6548;0
3312.6968;0
3412.7441;0
3513.0162;0
3613.5001;0
3713.411;0
3813.8936;0
3913.5862;0
4013.6387;0
4113.5557;0
4213.6593;0
4313.8891;0
4414.3482;0
4514.0621;0
4614.1438;0
4714.2277;0
4814.3129;0
4914.4036;0
5014.3885;0
5114.4981;0
5214.4226;0
5314.5462;0
5414.5548;0
5514.3766;0
5614.7994;0
5714.4922;0
5814.7934;0
5914.868;0
5999.1192;0
6099.2724;0
6199.115;0
6299.2672;0
6399.2832;0
6499.1242;0
6600.298;0
6700.3552;0
6800.321;0
6900.3815;0
7000.5211;0
7100.7242;0
7200.652;0
7300.6996;0
7400.744;0
7500.9;0
7600.9357;0
7701.0532;0
7801.4936;0
7901.4828;0
8001.3418;0
8101.3747;0
8201.2001;0
8301.4308;0
8401.6352;0
8501.751;0
8601.5713;0
8702.0452;0
8801.6347;0
8901.6887;0
9001.5304;0
9101.9724;0
9202.0793;0
9302.1046;0
9401.9577;0
9502.1186;0
9602.1334;0
9699.2309;0
9803.3254;0
9903.349;0
10003.5855;0
10103.2779;0
10203.0914;0
10303.1338;0
10403.4257;0
10503.4636;0
10604.2785;0
10704.6536;0
10804.8105;0
10899.8676;0
11010.6288;0
11111.1426;0
11206.0994;0
11313.157;0
11401.0558;0
11499.9938;0
11613.6456;0
11700.593;0
11811.3;0
11906.1825;0
12001.1335;0
12111.4053;0
12206.3912;0
12301.1828;0
12412.0973;0
12507.1209;0
12601.9597;0
12712.6115;0
12807.8337;0
12908.9728;0
13003.8362;0
13111.4313;0
13206.6606;0
13301.61;0
13412.0492;0
13507.2515;0
13602.2455;0
13699.1849;0
13809.732;0
13904.667;0
13999.6069;0
14112.1375;0
14207.3618;0
14302.4099;0
14413.151;0
14508.0519;0
14603.0509;0
14713.8682;0
14808.8687;0
14903.8768;0
15014.4866;0
15112.7628;0
15207.9172;0
15302.8992;0
15413.6669;0
15508.74;0
15603.7045;0
15699.6467;0
15810.3411;0
15905.359;0
16000.6487;0
16100.077;0
16210.6123;0
16305.6363;0
16400.6903;0
16511.3668;0
16606.2441;0
16701.2219;0
16802.3014;0
16913.1745;0
17008.1519;0
17113.414;0
17208.4671;0
17303.8772;0
17414.4144;0
17509.4969;0
17604.652;0
17699.1082;0
17809.5657;0
17904.5905;0
17999.8341;0
18099.5617;0
18210.1887;0
18305.1713;0
18400.159;0
18510.6496;0
18605.7587;0
18700.9423;0
18811.5479;0
18906.5512;0
19001.5638;0
19099.6365;0
19210.31;0
19305.4295;0
19400.4528;0
19511.1047;0
19606.0991;0
19701.0694;0
19809.615;0
19904.7525;0
19999.6268;0
20100.8381;0
20199.4342;0
20299.2983;0
20399.2354;0
20499.174;0
20600.2587;0
20700.8183;0
20801.0019;0
20901.0018;0
21001.0243;0
21099.2614;0
21200.6561;0
21299.2244;0
21400.4935;0
21500.7549;0
21599.3308;0
21700.3903;0
21805.8451;0
21900.7937;0
22011.385;0
22101.5626;0
22212.6338;0
22307.676;0
22402.6419;0
22513.1111;0
22608.4612;0
22703.5013;0
22814.2136;0
22909.1187;0
23004.4729;0
23101.0157;0
23211.7631;0
23306.7921;0
23399.252;0
23499.1891;0
23606.1306;0
23701.172;0
23806.1118;0
23901.3332;0
24011.7964;0
24099.3637;0
24209.8609;0
24305.0515;0
24400.0291;0
24510.6281;0
24605.5606;0
24700.5235;0
24811.1317;0
24906.1824;0
25001.1799;0
25099.5684;0
25209.9839;0
25305.0822;0
25404.1134;0
25514.6677;0
25609.6419;0
25704.6408;0
25799.1751;0
25910.077;0
26005.2714;0
26099.2134;0
26209.8214;0
26306.8497;0
26401.937;0
26512.534;0
26607.3926;0
26702.7793;0
26813.6665;0
26908.597;0
27003.537;0
27099.5206;0
27210.14;0
27305.0238;0
27400.209;0
27510.7843;0
27605.7181;0
27700.786;0
27799.3085;0
27909.8673;0
28004.9588;0
28100.0419;0
28210.4583;0
28305.5911;0
28400.4108;0
28511.1849;0
28606.1357;0
28701.4493;0
28812.1453;0
28907.5495;0
29002.6094;0
29100.9041;0
29211.5161;0
29299.087;0
29401.024;0
29510.0112;0
29604.819;0
29699.9744;0
29799.9618;0
29910.5842;0
30002.1802;0
0.141;58959.723183391005
95.1764;0
190.3111;0
300.9446;0
395.7524;87.7564358424342
500.9883;0
595.8728;0
691.1174;0
801.5953;0
896.8113;0
1002.7409;78.54266538830298
1097.6131;0
1192.9086;0
1303.3543;0
1398.6035;0
1488.928;92.11236617121975
1599.6525;0
1694.7073;0
1789.5609;0
1900.4369;0
1995.4344;0
2090.2282;0
2201.1804;0
2296.2085;0
2391.2295;0
2504.2378;73.6229103745663
2599.101;0
2694.2732;0
2789.1391;0
2888.8663;0
2999.5185;0
3094.6314;0
3189.6226;0
3300.1051;0
3395.2851;0
3494.0848;0
3589.3945;0
3700.0066;0
3794.9629;0
3889.8238;0
4000.461;0
4095.8469;0
4190.7007;0
4301.5086;0
4396.5169;0
4490.9281;88.12497252455981
4601.4074;0
4696.41;0
4791.4504;0
4902.2335;0
4997.2375;0
5092.1083;0
5193.2912;0
5304.0644;0
5398.9795;0
5496.0603;0
5591.2326;0
5701.8096;0
5796.7501;0
5891.6022;0
6002.5193;0
6097.3282;0
6193.1457;0
6303.6563;0
6398.8271;0
6496.7875;0
6592.0947;0
6702.7492;0
6790.098;0
6888.9828;0
6990.0745;0
7088.7112;0
7189.5265;0
7297.2465;0
7392.2732;0
7497.1736;0
7592.3853;0
7703.0454;0
7798.0966;0
7893.0654;0
8003.7792;0
8098.6663;0
8193.5487;0
8304.1983;0
8399.1689;0
8491.4846;90.12530214796126
8601.9218;0
8700.8162;0
8795.8856;0
8892.38;0
9003.0007;0
9098.0112;0
9193.0564;0
9303.7909;0
9398.7413;0
9496.5821;0
9591.6918;0
9702.1723;0
9797.3452;0
9892.2972;0
0.1914;43412.38216560509
79.5226;0
200.5229;0
301.3627;0
380.7891;0
520.5625;59.524900788105754
580.5236;0
680.1802;0
780.5828;0
880.2243;0
1002.8964;67.82320723474717
1086.0601;0
1183.0821;0
1280.1868;0
1383.8421;80.26605616950718
1504.3344;0
1584.1037;0
1681.1735;0
1781.0977;0
1881.1299;0
1991.6929;0
2086.9057;0
2181.7578;0
2292.4541;0
2387.8672;87.19955579778564
2492.844;0
2587.9929;0
2682.8634;0
2793.4472;0
2889.2299;0
2984.2876;0
3079.4259;0
3190.0833;0
3285.0342;0
3380.2572;0
3483.3932;0
3593.8878;0
3689.0403;0
3784.0549;0
3894.5417;0
3989.663;0
4085.0029;0
4180.0255;0
4290.6991;0
4385.8273;0
4480.2611;88.10401214060977
4590.8942;0
4685.8155;0
4780.7925;0
4891.4134;0
4986.4343;0
5081.4604;0
5192.0483;0
5286.9064;0
5382.0606;0
5487.1247;0
5582.1623;0
5692.7709;0
5787.5566;0
5882.6544;0
5993.2976;0
6086.6616;0
6181.6623;0
6287.1972;0
6382.0263;0
6486.9506;0
6593.7082;0
6688.722;0
6783.7343;0
6894.1865;0
6989.319;0
7084.1933;0
7179.2661;0
7290.1201;0
7384.9343;0
7487.9376;0
7583.0554;0
7693.6672;0
7788.8137;0
7884.2519;0
7979.4195;0
8089.9534;0
8185.0652;0
8280.1194;0
8390.9478;0
8481.3882;91.99425554199826
8592.0607;0
8687.0365;0
8782.0062;0
8892.604;0
8987.6156;0
9083.9237;0
9194.3837;0
9289.6088;0
9384.6517;0
9488.4924;0
9583.908;0
9694.51;0
9789.5303;0
9884.521;0
0;+Inf
95.0115;0
190.0065;0
300.4569;0
395.5358;0
500.7014;79.11337688446878
595.6843;0
690.554;0
801.3473;0
896.4677;0
1002.6277;78.3721529234279
1097.8799;0
1192.7962;0
1303.5237;0
1398.5565;0
1503.3775;79.37337398421323
1598.5118;0
1693.634;0
1804.8158;0
1899.9068;0
1995.2043;0
2090.1751;0
2200.7584;0
2295.7388;0
2390.6094;0
2504.7425;72.89721705277118
2599.8146;0
2695.0545;0
2790.0329;0
2900.6949;0
2995.5182;0
3090.6031;0
3201.2716;0
3296.2694;0
3391.0876;0
3494.0529;0
3604.7302;0
3699.8707;0
3794.9388;0
3905.5844;0
4000.607;0
4095.6594;0
4190.6954;0
4301.1592;0
4396.2545;0
4490.6175;88.16988864511322
4601.5616;0
4696.6448;0
4791.6905;0
4902.3284;0
4997.4659;0
5092.2772;0
5203.2455;0
5298.2301;0
5393.0596;0
5495.4012;0
5590.4025;0
5700.9319;0
5802.719;0
5897.7897;0
5996.8178;0
6092.2046;0
6202.9524;0
6298.0272;0
6392.8939;0
6496.039;0
6590.9256;0
6701.8187;0
6796.7836;0
6891.7794;0
7002.5725;0
7097.667;0
7192.5946;0
7303.2102;0
7398.2514;0
7496.2582;0
7591.1266;0
7701.7024;0
7796.9228;0
7891.928;0
8002.4147;0
8097.8487;0
8192.8038;0
8303.4592;0
8398.4329;0
8490.6089;90.26232148154426
8601.3412;0
8696.2233;0
8791.318;0
8901.9341;0
8996.7917;0
9091.9595;0
9202.4434;0
9297.6161;0
9392.4965;0
9496.5493;0
9598.0341;0
9693.0841;0
9790.1014;0
9901.0302;0
0.2835;44470.857142857145
0.2835;88095.72461273667
95.3299;0
95.3299;0
190.2325;0
190.4172;0
301.0414;0
301.0414;0
396.16;0
396.16;0
491.192;0
491.192;0
601.8371;0
601.8371;0
696.837;0
696.837;0
791.8712;0
791.7273;0
886.7808;0
887.7799;0
1001.6565;0
1001.6565;0
1096.7881;0
1096.7881;0
1191.8581;0
1191.8581;0
1286.3167;0
1287.3141;0
1397.9376;0
1397.9376;0
1493.0654;0
1493.0654;0
1588.1201;0
1588.1201;0
1698.7585;0
1698.7585;0
1793.7441;0
1793.7441;0
1888.7458;0
1888.7458;0
2001.9276;0
2001.9276;0
2096.9131;0
2096.9131;0
2191.9604;0
2191.9604;0
2286.9829;0
2287.9811;0
2398.7896;0
2398.7896;0
2494.0556;0
2494.0556;0
2589.1156;0
2589.1156;0
2686.2573;0
2687.2519;0
2798.2221;0
2798.2221;0
2893.5559;0
2893.5559;0
2986.9865;0
2988.1366;0
3098.7391;0
3098.6284;0
3193.815;0
3193.815;0
3288.8296;0
3288.8296;0
3395.8196;0
3395.8196;0
3490.8893;0
3490.8893;0
3601.6204;0
3601.6204;0
3696.6549;0
3696.6549;0
3791.6857;0
3791.6857;0
3886.625;0
3887.7686;0
3987.1572;0
3988.4296;0
4099.1088;0
4099.1088;0
4194.0042;0
4194.174;0
4289.1871;0
4289.1871;0
4399.9903;0
4399.9903;0
4495.4444;0
4495.4444;0
4590.325;0
4590.5535;0
4701.2224;0
4701.2224;0
4796.1991;0
4796.1991;0
4891.0918;0
4891.3079;0
4987.793;0
4987.793;0
5098.4523;0
5098.4523;0
5193.7635;0
5193.7635;0
5288.8549;0
5288.8549;0
5392.1939;0
5392.1939;0
5487.0676;0
5488.2258;0
5599.1029;0
5599.1029;0
5694.2044;0
5694.2044;0
5789.1763;0
5789.1763;0
5899.9201;0
5899.9201;0
5988.1174;0
5988.2569;0
6098.9316;0
6098.9316;0
6194.1023;0
6194.001;0
6289.228;0
6289.228;0
6399.9422;0
6399.9422;0
6495.0098;0
6495.0098;0
6590.0795;0
6590.0795;0
6700.741;0
6700.741;0
6795.8207;0
6795.8207;0
6890.8375;0
6890.8375;0
6989.3469;0
6989.3469;0
7099.8561;0
7099.8561;0
7195.1321;0
7195.1321;0
7290.1523;0
7290.1523;0
7400.6223;0
7400.8238;0
7495.8977;0
7495.8977;0
7590.7817;0
7591.1492;0
7687.8696;0
7688.8685;0
7799.5258;0
7799.5258;0
7894.6145;0
7894.6145;0
7989.9701;0
7989.8299;0
8100.5788;0
8100.4676;0
8195.5488;0
8195.4383;0
8290.5439;0
8290.7737;0
8401.6994;0
8401.6994;0
8496.7057;0
8496.7057;0
8591.7906;0
8591.7906;0
8686.6694;0
8687.8159;0
8798.4814;0
8798.4814;0
8893.7762;0
8893.7762;0
8990.1404;0
8990.1404;0
9100.6784;0
9100.6784;0
9195.5139;0
9195.5985;0
9290.5783;0
9290.5783;0
9387.52;0
9387.52;0
9498.4209;0
9498.4209;0
9593.7993;0
9593.7993;0
9688.8141;0
9688.8141;0
9799.4351;0
9799.4351;0
9894.4116;0
9894.4116;0
9990.6938;0
9990.6938;0
10101.1257;0
10101.2557;0
10196.1986;0
10196.1986;0
10291.9078;0
10291.9078;0
10386.8947;0
10387.9783;0
10499.2605;0
10499.2605;0
10594.2831;0
10594.2831;0
10689.2451;0
10689.2451;0
10799.7091;0
10799.8051;0
10894.7918;0
10894.7918;0
10991.0984;0
10991.0984;0
11101.7802;0
11101.7802;0
11196.8547;0
11196.8547;0
11292.3095;0
11292.3095;0
11386.2512;0
11387.25;0
11497.7626;0
11497.7626;0
11592.74;0
11592.74;0
11687.9045;0
11687.9045;0
11798.8655;0
11798.8655;0
11893.957;0
11893.957;0
11991.3296;0
11991.3296;0
12086.6263;0
12087.7652;0
12198.4744;0
12198.4744;0
12293.3661;0
12293.9232;0
12388.8071;0
12388.9593;0
12499.6628;0
12499.6628;0
12594.5125;0
12594.5125;0
12688.0296;0
12689.0248;0
12799.9663;0
12799.9663;0
12895.1359;0
12895.1359;0
12991.585;0
12991.585;0
13086.6677;0
13087.7716;0
13198.4611;0
13198.4611;0
13293.7783;0
13293.7783;0
13386.3788;0
13387.3635;0
13498.046;0
13498.046;0
13593.1892;0
13593.1892;0
13688.4006;0
13688.4006;0
13799.0565;0
13799.0565;0
13894.0794;0
13894.2199;0
13991.6599;0
13991.6599;0
14086.5658;0
14087.8606;0
14198.489;0
14198.489;0
14293.5748;0
14293.5748;0
14388.7137;0
14388.7137;0
14499.9863;0
14499.9863;0
14594.9563;0
14594.9563;0
14690.0303;0
14690.0303;0
14800.6816;0
14800.6816;0
14895.7636;0
14895.7636;0
14992.28;0
14992.28;0
15087.2063;0
15088.4878;0
15199.1258;0
15199.1258;0
15294.1862;0
15294.1862;0
15386.2305;0
15388.2264;0
15498.8823;0
15498.8823;0
15594.0194;0
15594.0194;0
15689.0392;0
15689.0392;0
15799.8498;0
15799.8498;0
15894.8536;0
15894.7409;0
15993.1119;0
15993.2571;0
16088.2507;0
16088.2507;0
16198.9315;0
16198.9315;0
16294.2399;0
16294.2399;0
16389.2717;0
16389.2717;0
16499.9844;0
16499.9844;0
16595.2552;0
16595.1112;0
16690.3846;0
16690.3846;0
16801.1378;0
16801.1378;0
16896.2159;0
16896.2159;0
16993.5965;0
16993.5965;0
17088.6552;0
17088.6552;0
17199.2903;0
17199.2903;0
17294.3752;0
17294.3752;0
17386.9761;0
17387.9722;0
17498.5955;0
17498.5955;0
17594.0451;0
17594.0451;0
17689.1168;0
17689.1168;0
17799.9162;0
17799.9162;0
17894.9014;0
17894.9014;0
17994.3376;0
17994.3376;0
18089.3758;0
18089.2384;0
18200.002;0
18200.002;0
18295.0584;0
18295.0584;0
18390.225;0
18390.225;0
18500.8922;0
18500.8922;0
18595.9454;0
18595.9454;0
18691.2104;0
18691.2104;0
18801.9354;0
18801.9354;0
18896.9545;0
18896.9545;0
18995.5724;0
18995.5724;0
19090.5728;0
19090.4628;0
19201.2563;0
19201.2563;0
19296.3566;0
19296.3566;0
19391.5206;0
19391.5206;0
19499.6631;0
19500.1195;0
19595.0022;0
19595.114;0
19690.1656;0
19690.1656;0
19801.0623;0
19801.0623;0
19896.0127;0
19896.0127;0
19994.8329;0
19994.9777;0
20090.0942;0
20090.0942;0
20200.7557;0
20200.7557;0
20295.764;0
20295.764;0
20390.7848;0
20390.7848;0
20501.7427;0
20501.7427;0
20596.7834;0
20596.7834;0
20692.0591;0
20692.0591;0
20787.1475;0
20788.2344;0
20898.9408;0
20898.7717;0
20995.3895;0
20995.3895;0
21090.3969;0
21090.3969;0
21201.038;0
21200.8957;0
21296.1031;0
21296.1031;0
21391.2017;0
21391.2017;0
21492.7008;0
21492.7008;0
21587.7196;0
21587.7196;0
21698.7281;0
21699.7259;0
21796.1121;0
21796.1121;0
21891.0824;0
21891.2268;0
21995.8798;0
21995.8798;0
22090.9218;0
22090.9218;0
22201.6471;0
22201.6471;0
22296.7142;0
22296.7142;0
22391.786;0
22391.786;0
22486.7083;0
22488.0592;0
22598.8023;0
22598.8023;0
22693.8026;0
22693.8026;0
22788.8568;0
22788.8568;0
22899.71;0
22899.71;0
22995.9175;0
22996.0701;0
23091.2632;0
23091.0765;0
23201.9074;0
23201.9074;0
23296.9687;0
23296.9687;0
23392.0448;0
23392.0448;0
23500.6646;0
23500.6646;0
23595.5371;0
23595.7043;0
23690.5774;0
23690.7657;0
23801.3982;0
23801.3982;0
23896.4356;0
23896.4356;0
23996.9283;0
23996.9283;0
24092.0031;0
24092.0031;0
24187.0138;0
24188.1672;0
24299.0148;0
24299.0148;0
24394.0624;0
24394.0624;0
24489.1309;0
24489.1309;0
24599.7916;0
24599.7916;0
24691.5584;0
24691.5584;0
24786.5575;0
24787.6738;0
24898.3279;0
24898.3279;0
24997.6851;0
24997.6851;0
25092.6997;0
25092.6997;0
25187.7444;0
25187.7444;0
25298.4059;0
25298.4059;0
25393.7943;0
25393.7943;0
25487.8714;0
25487.8714;0
25598.3499;0
25598.5108;0
25693.8784;0
25693.8784;0
25788.9302;0
25788.7878;0
25899.533;0
25899.533;0
25998.4669;0
25998.4669;0
26093.4844;0
26093.4844;0
26188.5652;0
26188.5652;0
26299.0368;0
26299.0368;0
26394.5458;0
26394.5458;0
26489.6199;0
26489.6199;0
26600.2342;0
26600.0922;0
26695.2941;0
26695.2941;0
26790.2931;0
26790.1826;0
26901.0219;0
26901.0219;0
26998.3706;0
26998.6;0
27093.7306;0
27093.7306;0
27188.7744;0
27188.7744;0
27299.5155;0
27299.5155;0
27394.6563;0
27394.6563;0
27486.268;0
27487.2522;0
27597.7351;0
27597.8973;0
27692.9989;0
27692.9989;0
27789.7553;0
27789.7553;0
27900.4712;0
27900.4712;0
27998.8247;0
27998.8247;0
28093.8865;0
28093.8865;0
28188.9619;0
28188.9619;0
28299.6414;0
28299.6414;0
28394.634;0
28394.634;0
28489.7264;0
28489.7264;0
28600.3654;0
28600.2256;0
28695.4361;0
28695.4361;0
28790.4448;0
28790.4448;0
28901.1005;0
28901.1005;0
28999.5906;0
28999.5906;0
29094.4818;0
29094.6573;0
29189.6955;0
29189.6955;0
29300.6481;0
29300.2784;0
29395.8108;0
29395.955;0
29486.4235;0
29488.423;0
29598.9357;0
29599.0816;0
29694.0722;0
29694.0722;0
29789.2639;0
29789.2639;0
0;+Inf
110.5163;0
200.4622;0
310.8812;0
406.0487;0
511.0875;0
601.0297;0
714.3486;0
810.3258;0
916.6011;0
1010.4707;0
1135.7669;0
1200.7265;0
1316.8507;0
1401.7982;0
1505.7148;0
1601.0797;0
1711.945;0
1806.986;0
1902.5149;0
2012.9344;0
2111.1257;0
2206.1508;0
2301.2438;0
2399.1827;0
2509.8225;0
2599.4794;0
2715.2279;0
2810.7912;0
2906.1836;0
2999.1252;0
3109.8965;0
3212.9513;0
3310.1189;0
3405.7555;0
3510.371;0
3605.5023;0
3700.9405;0
3811.7247;0
3906.8729;0
4000.8173;0
4111.2375;0
4206.4394;0
4301.313;0
4411.9088;0
4507.2504;0
4601.0235;0
4711.7248;0
4806.6958;0
4902.0307;0
5001.0198;0
5111.6285;0
5206.4964;0
5301.6346;0
5412.2675;0
5507.1557;0
5602.3061;0
5713.0397;0
5807.8611;0
5903.9476;0
6000.9974;0
6111.4513;0
6200.6673;0
6311.1269;0
6406.2843;0
6506.8347;0
6599.3326;0
6709.8068;0
6805.1027;0
6900.092;0
7010.8056;0
7105.6411;0
7199.1302;0
7309.7098;0
7404.6606;0
7499.6585;0
7610.3664;0
7705.2017;0
7800.2012;0
7911.0607;0
8006.0151;0
8100.8513;0
8199.1591;0
8309.786;0
8404.7427;0
8499.734;0
8610.2269;0
8704.0424;0
8814.6712;0
8909.6676;0
9004.4913;0
9099.6376;0
9201.0598;0
9311.5066;0
9406.478;0
9501.6247;0
9612.2261;0
9707.2138;0
9802.2409;0
9912.8768;0
10011.4599;0
10106.5703;0
10200.4978;0
10311.1341;0
10406.1303;0
10501.0359;0
10611.6449;0
10699.3584;0
10810.0886;0
10904.8967;0
11000.055;0
11110.75;0
11199.4747;0
11310.0491;0
11405.0544;0
11500.0545;0
11610.6791;0
11705.7749;0
11800.6108;0
11911.1986;0
12006.2004;0
12101.1965;0
12201.0022;0
12311.659;0
12406.628;0
12501.633;0
12600.787;0
12699.0731;0
12809.6682;0
12904.6058;0
12999.442;0
13110.0914;0
13205.1705;0
13300.116;0
13410.8353;0
13505.8549;0
13599.6239;0
13710.0767;0
13805.5955;0
13900.4319;0
14011.1892;0
14106.0151;0
14201.1281;0
14311.5808;0
14406.7772;0
14501.8602;0
14600.9825;0
14699.4446;0
14810.049;0
14904.9236;0
15000.0644;0
15110.5173;0
15205.4594;0
15306.8775;0
15401.9895;0
15512.4492;0
15600.8759;0
15711.3612;0
15806.3221;0
15901.4481;0
16001.1966;0
16111.7091;0
16206.6441;0
16301.759;0
16412.3466;0
16499.1626;0
16600.2562;0
16701.0273;0
16811.6664;0
16906.5011;0
17001.615;0
17112.0759;0
17207.0789;0
17302.0818;0
17412.7254;0
17508.0466;0
17601.0007;0
17711.4409;0
17806.5182;0
17901.5404;0
18011.9951;0
18107.066;0
18202.275;0
18312.9267;0
18408.0017;0
18502.8284;0
18599.5991;0
18699.9235;0
18810.582;0
18905.4083;0
19000.4913;0
19111.0815;0
19205.909;0
19307.2963;0
19402.1397;0
19512.8884;0
19600.9243;0
19711.3705;0
19806.47;0
19901.44;0
20012.0004;0
20106.7955;0
20201.9189;0
20312.3826;0
20407.3819;0
20502.5183;0
20599.7508;0
20700.7343;0
20800.6723;0
20911.1331;0
21006.3032;0
21101.1101;0
21211.7608;0
21306.7626;0
21401.8537;0
21500.8948;0
21599.7381;0
21710.2107;0
21805.7508;0
21900.5815;0
22001.4195;0
22112.2123;0
22207.0145;0
22302.1617;0
22412.6215;0
22508.0097;0
22600.9395;0
22711.4781;0
22802.8211;0
22913.5714;0
23008.5114;0
23103.59;0
23214.2524;0
23309.1123;0
23404.4932;0
23499.3701;0
23599.2093;0
23709.8222;0
23804.8568;0
23899.9038;0
24010.6095;0
24105.4395;0
24200.7916;0
24311.3633;0
24406.1985;0
24501.3589;0
24600.2972;0
24710.8265;0
24809.2135;0
24904.2128;0
24999.0975;0
25109.7209;0
25210.3384;0
25305.2851;0
25399.2085;0
25509.6699;0
25604.9233;0
25699.9429;0
25810.3989;0
25905.5195;0
26000.3544;0
26111.1061;0
26206.1641;0
26301.2611;0
26399.2603;0
26509.7987;0
26604.8159;0
26699.6869;0
26800.8475;0
26911.3769;0
27006.2119;0
27101.168;0
27201.9535;0
27303.3805;0
27400.8696;0
27511.4576;0
27606.2927;0
27701.4894;0
27811.9497;0
27907.0091;0
28001.9838;0
28112.45;0
28213.0261;0
28307.8957;0
28399.8384;0
28510.4586;0
28605.6323;0
28700.4884;0
28799.112;0
28909.685;0
29004.5259;0
29099.6827;0
29210.3245;0
29305.2559;0
29401.0583;0
29511.5936;0
29606.6449;0
29701.6;0
29812.0627;0
29907.2607;0
0.2457;33909.17412935323
95.2533;0
190.2197;0
300.8354;0
395.9522;0
500.9578;79.23385793635478
595.9675;0
690.7919;0
786.236;0
896.6887;0
987.2525;91.86876937592668
1097.8709;0
1192.8201;0
1287.6882;0
1398.5236;0
1487.9019;93.08760342317389
1598.5844;0
1693.4774;0
1788.7523;0
1899.5083;0
1994.7053;0
2089.5481;0
2200.343;0
2295.3667;0
2386.6662;0
2490.4328;80.17994108623432
2601.1734;0
2696.189;0
2791.2027;0
2886.0916;0
2996.8184;0
3091.8471;0
3186.9345;0
3297.5365;0
3392.5545;0
3494.3679;0
3595.8868;0
3690.923;0
3786.1212;0
3896.7962;0
3991.6352;0
4099.2574;0
4194.0941;0
4289.2464;0
4399.7597;0
4490.2986;91.89403744930537
4600.7939;0
4695.7564;0
4790.9542;0
4885.963;0
4996.666;0
5091.7286;0
5186.7485;0
5297.2002;0
5392.2032;0
5496.4031;0
5591.2113;0
5686.4919;0
5797.2389;0
5892.199;0
5987.4507;0
6097.9972;0
6193.3963;0
6288.4157;0
6399.0408;0
6498.0818;0
6592.8956;0
6688.1047;0
6798.8387;0
6893.6799;0
6988.7101;0
7099.4227;0
7194.9255;0
7293.789;0
7394.3815;0
7504.5683;0
7604.9547;0
7704.9098;0
7804.6284;0
7904.9342;0
8004.9021;0
8104.6861;0
8204.8083;0
8304.6934;0
8404.8442;0
8494.7499;92.54134374643589
8594.8727;0
8694.7912;0
8785.835;0
8886.5619;0
8989.1456;0
9086.4607;0
9204.8033;0
9304.6076;0
9405.1977;0
9504.7261;0
9604.69;0
9705.0069;0
9791.6429;0
9885.8648;0
0;+Inf
110.4545;0
200.6521;0
311.0563;0
412.0107;0
501.1546;89.74264172233131
611.9229;0
706.9087;0
801.7736;0
912.2102;72.43980298354364
1007.9846;0
1103.5239;0
1198.7184;0
1309.4626;0
1404.8114;0
1504.7708;80.03243502005208
1599.7522;0
1710.35;0
1805.4561;0
1900.4339;0
2011.0377;0
2105.8797;0
2198.6702;0
2309.4323;0
2404.4252;0
2503.8991;80.42312459350342
2599.0934;0
2709.5442;0
2804.5645;0
2899.6711;0
3010.5383;0
3113.2819;0
3208.2721;0
3303.4103;0
3398.5295;0
3505.0654;0
3601.115;0
3711.7148;0
3806.5372;0
3903.3039;0
4014.2102;0
4109.2305;0
4198.175;0
4308.5967;0
4409.5911;0
4498.6348;89.84352508616128
4609.2035;0
4704.4088;0
4799.2514;0
4909.9879;0
5004.8148;0
5108.4329;0
5203.3991;0
5298.3401;0
5408.9689;0
5504.8603;0
5599.8354;0
5710.4526;0
5805.2811;0
5900.3955;0
6010.9122;0
6105.8454;0
6199.7564;0
6310.2158;0
6405.3775;0
6504.8501;0
6599.8887;0
6710.5092;0
6805.3013;0
6900.4233;0
7010.9635;0
7105.8951;0
7200.8665;0
7311.4397;0
7406.4543;0
7505.6106;0
7600.6898;0
7711.6133;0
7806.5322;0
7901.5182;0
8012.0348;0
8106.9195;0
8198.8616;0
8309.303;0
8410.3932;0
8500.0282;89.25108404331816
8610.5242;0
8705.532;0
8800.514;0
8911.2087;0
9006.0191;0
9101.0327;0
9211.6356;0
9306.6603;0
9402.062;0
9500.5932;0
9611.3397;0
9706.1748;0
9801.1765;0
9912.3862;0
10007.3632;0
10102.3196;0
10199.6514;0
10310.1042;0
10405.2804;0
10498.3565;0
10608.8019;0
10703.8412;0
10798.8302;0
10909.2898;0
11004.2299;0
11099.4475;0
11210.0464;0
11304.8812;0
11400.0243;0
11498.2228;0
11601.0001;0
11711.7016;0
11806.6979;0
11901.7033;0
12012.3151;0
12107.1306;0
12202.2753;0
12310.3601;0
12411.5949;0
12498.129;0
12608.7579;0
12703.7476;0
12798.6105;0
12909.4769;0
13004.4766;0
13099.4872;0
13210.2227;0
13305.042;0
13400.1596;0
13498.3973;0
13608.9696;0
13703.8047;0
13798.7452;0
13909.4545;0
14004.6055;0
14099.6821;0
14210.3563;0
14302.8534;0
14413.2992;0
14498.1072;0
14609.8019;0
14704.9243;0
14799.8289;0
14910.4046;0
15005.232;0
15100.3526;0
15211.0149;0
15305.9878;0
15401.0485;0
15498.5988;0
15609.1201;0
15704.181;0
15799.1216;0
15909.7812;0
16004.6058;0
16099.7497;0
16210.3594;0
16299.8973;0
16410.5137;0
16499.4766;89.92488878765509
16609.935;0
16705.0965;0
16799.933;0
16910.8201;0
17005.7969;0
17099.6454;0
17211.5396;0
17306.3813;0
17401.5084;0
17498.5861;0
17609.0269;0
17704.0084;0
17799.3868;0
17909.9933;0
18005.0231;0
18100.0168;0
18210.7168;0
18298.6603;0
18409.2327;0
18498.8435;0
18609.4657;0
18704.3271;0
18799.438;0
18909.9896;0
19004.9235;0
19099.9308;0
19210.3795;0
19305.6508;0
19400.5499;0
19498.2109;0
19608.7682;0
19703.7578;0
19798.5921;0
19909.1853;0
20004.0931;0
20099.3122;0
20209.8996;0
20298.3571;0
20409.039;0
20499.8982;0
20610.4623;0
20705.4425;0
20800.4689;0
20910.921;0
21005.9021;0
21101.2154;0
21211.7123;0
21306.701;0
21401.7521;0
21498.3872;0
21610.91;0
21705.721;0
21801.0998;0
21911.5904;0
22006.6269;0
22101.8177;0
22212.2691;0
22298.1757;0
22408.8267;0
22499.7668;0
22610.2942;0
22705.3328;0
22800.1738;0
22910.7619;0
23005.9348;0
23098.9008;0
23210.6275;0
23305.4694;0
23400.61;0
23499.9463;0
23610.5551;0
23705.4692;0
23800.4367;0
23911.1285;0
24005.9556;0
24101.041;0
24211.6156;0
24298.3299;0
24408.9987;0
24498.4825;0
24608.9315;0
24704.095;0
24798.9205;0
24909.6105;0
25004.6878;0
25099.6217;0
25210.2566;0
25305.2707;0
25400.0978;0
25498.1498;0
25608.6329;0
25703.6349;0
25798.6998;0
25909.1493;0
26004.28;0
26099.261;0
26209.7134;0
26298.2176;0
26411.7439;0
26498.4406;0
26612.2062;0
26707.0038;0
26802.1489;0
26912.7877;0
27007.8087;0
27102.8146;0
27213.4063;0
27308.2326;0
27403.2332;0
27499.3558;0
27609.8;0
27704.7735;0
27799.7452;0
27910.4164;0
28005.3601;0
28100.1849;0
28210.7948;0
28305.7803;0
28411.6709;0
28498.2177;0
28608.6759;0
28703.8486;0
28798.6842;0
28909.4462;0
29004.3858;0
29099.4185;0
29210.021;0
29304.8473;0
29399.8149;0
29499.9258;0
29610.3865;0
29705.6508;0
29800.7963;0
29911.4124;0
0;+Inf
94.8074;0
200.1423;0
294.9778;0
390.058;0
496.4376;78.21063502627774
591.8445;0
702.484;0
798.0243;0
894.3402;86.38239841829105
1000.3301;0
1095.5526;0
1190.5701;0
1301.2922;0
1397.5974;0
1503.644;78.45623276223277
1599.5759;0
1694.8343;0
1790.249;0
1900.7805;0
1995.693;0
2090.4916;0
2201.2247;0
2296.309;0
2391.3884;0
2488.9946;85.24048574894634
2599.6062;0
2694.74;0
2794.5952;0
2889.6733;0
3000.4686;0
3095.5379;0
3190.5434;0
3301.0314;0
3401.6569;0
3496.6895;0
3591.6993;0
3694.2929;0
3793.5666;0
3904.1608;0
3999.2348;0
4094.1691;0
4188.9682;0
4299.5909;0
4394.8162;0
4489.9924;87.41674832367985
4600.6025;0
4695.5852;0
4790.7137;0
4901.2906;0
4996.3178;0
5091.3191;0
5202.0128;0
5296.9942;0
5392.0493;0
5495.8628;0
5591.1344;0
5701.7184;0
5796.5707;0
5891.7252;0
6002.345;0
6097.517;0
6192.476;0
6303.1089;0
6398.1;0
6497.0336;0
0;+Inf
99.5307;0
197.645;0
294.5067;0
389.7942;0
495.0094;79.07611129545364
591.2447;0
702.1536;0
797.1937;0
900.6673;80.40695753937918
990.9902;0
1087.5644;0
1203.6715;0
1306.4842;0
1392.8397;0
1491.732;84.13190046980347
1587.5469;0
1698.1354;0
1793.158;0
1888.2759;0
1998.8819;0
2093.8631;0
2188.8442;0
2299.5158;0
2394.5007;0
2500.0197;78.8485093879062
2594.9842;0
2689.8093;0
2800.5463;0
2895.6465;0
2990.6957;0
0;+Inf
0;+Inf
99.7744;0
99.7723;0
210.2266;0
211.5403;0
305.5477;0
306.5472;0
400.7737;0
400.7704;0
511.7619;0
512.7614;0
606.7854;0
607.7849;0
701.7832;0
702.7827;0
812.4049;0
813.4044;0
907.5579;0
908.5574;0
1000.9791;0
1000.9789;0
1104.0196;0
1105.0191;0
1200.0275;0
1200.2161;0
1310.8613;0
1311.8608;0
1405.9511;0
1406.9506;0
1500.7867;0
1501.7862;0
1600.5911;0
1601.5906;0
1713.0163;0
1712.0168;0
1807.7981;0
1808.7976;0
1903.2787;0
1904.2782;0
1999.2581;0
1999.2595;0
2104.3401;0
2105.3396;0
2199.3596;0
2200.3591;0
2310.0949;0
2311.0944;0
2399.8801;0
2401.8781;0
2512.3203;0
2513.8914;0
2608.0127;0
2609.0122;0
2703.0663;0
2704.0658;0
2813.8064;0
2814.8059;0
2908.9047;0
2909.9042;0
3003.9467;0
3004.9462;0
3105.7413;0
3106.9408;0
3200.9369;0
3201.9364;0
3311.5803;0
3312.5798;0
3407.677;0
3406.6775;0
3501.7926;0
3502.7921;0
3612.3618;0
3613.235;0
3707.3806;0
3708.3801;0
3802.2854;0
3803.6078;0
3913.2034;0
3914.2029;0
4008.4089;0
4009.4084;0
4106.2152;0
4107.2147;0
4201.3932;0
4202.5945;0
4312.2167;0
4313.2162;0
4399.6581;0
4399.6532;0
4500.4166;0
4501.4161;0
4610.9175;0
4612.0898;0
4706.0984;0
4707.0979;0
4801.2883;0
4802.2878;0
4912.3422;0
4913.3417;0
5004.0729;0
5005.0724;0
5107.1416;0
5108.1411;0
5202.1857;0
5203.1852;0
5312.8909;0
5313.8904;0
5407.886;0
5408.8855;0
5502.8856;0
5503.8851;0
5613.527;0
5614.5265;0
5708.5141;0
5709.5136;0
5803.538;0
5804.5375;0
5899.6447;0
5899.8241;0
6010.5921;0
6011.5916;0
6107.638;0
6108.6375;0
6202.6242;0
6203.6237;0
6314.4159;0
6313.4164;0
6408.5071;0
6409.5066;0
6509.3757;0
6510.5308;0
6604.3643;0
6605.6576;0
6699.7014;0
6700.7009;0
6811.3343;0
6810.3348;0
6905.3586;0
6906.3581;0
7000.3834;0
7001.3829;0
7109.4994;0
7110.4989;0
7204.5505;0
7205.55;0
7299.5533;0
7300.5528;0
7410.1811;0
7411.1806;0
7505.2309;0
7506.2304;0
7600.1783;0
7601.1778;0
7710.6401;0
7711.8391;0
7805.8687;0
7806.8682;0
7900.9111;0
7901.9106;0
8011.3881;0
8012.5283;0
8109.4748;0
8110.4743;0
8204.3225;0
8205.638;0
8299.6559;0
8300.6554;0
8410.4772;0
8411.4767;0
8507.9052;0
8508.9047;0
8602.8993;0
8603.8988;0
8714.6699;0
8713.6704;0
8808.7091;0
8809.7086;0
8903.712;0
8904.7115;0
8999.5706;0
8999.7623;0
9110.7653;0
9111.7648;0
9205.922;0
9206.9215;0
9300.8011;0
9301.942;0
9411.6552;0
9412.6547;0
9506.8113;0
9507.8108;0
9601.8551;0
9602.8546;0
9712.5277;0
9713.5272;0
9808.9799;0
9807.9804;0
9902.9935;0
9903.993;0
10004.851;0
10005.8505;0
10110.808;0
10111.8075;0
10205.8823;0
10206.8818;0
10300.9021;0
10301.9016;0
10411.7648;0
10412.7643;0
10499.78;0
10500.7795;0
10610.4064;0
10611.4059;0
10705.633;0
10706.6325;0
10800.7367;0
10801.7362;0
10911.4159;0
10912.4154;0
11006.405;0
11007.4045;0
11112.3538;0
11113.2362;0
11207.5701;0
11208.5696;0
11302.0297;0
11303.0292;0
11412.8046;0
11413.8041;0
11507.8409;0
11508.8404;0
11603.0529;0
11604.0524;0
11713.6861;0
11714.6856;0
11808.5554;0
11809.7762;0
11903.9596;0
11904.9591;0
11999.8992;0
11999.9018;0
12099.1835;0
12099.4989;0
12210.2122;0
12211.2117;0
12305.2483;0
12306.2478;0
12400.2517;0
12401.2512;0
12500.3673;0
12500.3655;0
12611.2377;0
12612.2372;0
12706.1049;0
12707.4434;0
12801.4592;0
12802.4587;0
12912.795;0
12913.7945;0
13007.8871;0
13008.8866;0
13099.7438;0
13100.7433;0
13210.4837;0
13211.4832;0
13317.5448;0
13318.5443;0
13418.9537;0
13417.9542;0
13517.6003;0
13518.5998;0
13617.9163;0
13618.9158;0
13718.1333;0
13719.1328;0
13818.4705;0
13819.47;0
13918.8409;0
13919.8404;0
13999.1287;0
13999.3164;0
14099.8244;0
14100.8239;0
14220.522;0
14219.5225;0
14299.9459;0
14300.0777;0
14421.0037;0
14420.0042;0
14499.3576;0
14499.3536;0
14620.1416;0
14621.1411;0
14699.6003;0
14700.5998;0
14820.3215;0
14821.321;0
14899.5374;0
14900.6816;0
14999.5819;0
14999.7552;0
15101.3959;0
15102.3954;0
15199.7193;0
15200.0342;0
15300.042;0
15300.1353;0
15400.0957;0
15400.2067;0
15500.3301;0
15500.4762;0
15600.0834;0
15600.275;0
15699.4268;0
15700.4263;0
15799.4771;0
15800.4766;0
15899.6946;0
15900.6941;0
15999.7163;0
16000.7158;0
16102.376;0
16103.3755;0
16200.9898;0
16199.9903;0
16300.0641;0
16301.0636;0
16400.1484;0
16401.1479;0
16499.3222;0
16499.3216;0
16600.5292;0
16601.5287;0
16700.7221;0
16701.7216;0
16801.1525;0
16802.152;0
16900.8505;0
16901.85;0
17000.9581;0
17001.9576;0
17103.4556;0
17104.4551;0
17201.4808;0
17202.4803;0
17300.2864;0
17301.2859;0
17401.4962;0
17402.4957;0
17501.5467;0
17502.5462;0
17601.7978;0
17602.7973;0
17701.9405;0
17702.94;0
17801.9153;0
17802.9148;0
17901.9124;0
17902.9119;0
18002.0074;0
18003.0069;0
18103.6175;0
18104.617;0
18202.0292;0
18203.4155;0
18302.4108;0
18303.4103;0
18402.4585;0
18403.458;0
18500.9395;0
18500.9367;0
18602.6321;0
18603.6316;0
18702.517;0
18703.8043;0
18802.963;0
18803.9625;0
18903.155;0
18904.1545;0
19003.2574;0
19004.2569;0
19103.8176;0
19104.8171;0
19203.3838;0
19204.3833;0
19303.2877;0
19304.478;0
19403.6946;0
19404.6941;0
19503.6438;0
19504.8942;0
19604.2404;0
19605.2399;0
19703.6409;0
19704.8795;0
19803.781;0
19804.9367;0
19904.0624;0
19905.0619;0
20004.0698;0
20005.0693;0
20104.6184;0
20105.6179;0
20204.3215;0
20205.321;0
20304.4291;0
20305.4286;0
20404.435;0
20405.4345;0
20504.6583;0
20505.6578;0
20627.0251;0
20628.0246;0
20706.4598;0
20707.4593;0
20805.1105;0
20806.11;0
20905.1583;0
20906.1578;0
21005.2009;0
21006.2004;0
21104.574;0
21105.5735;0
21205.1746;0
21206.1741;0
21305.2748;0
21306.2743;0
21406.2802;0
21405.2807;0
21505.2581;0
21506.2576;0
21605.4154;0
21606.4149;0
21705.5293;0
21706.5288;0
21805.7174;0
21806.7169;0
21905.8066;0
21906.8061;0
22005.9479;0
22006.9474;0
22105.4001;0
22106.3996;0
22206.9667;0
22205.9672;0
22306.0615;0
22307.061;0
22406.159;0
22407.1585;0
22506.185;0
22507.1845;0
22609.9184;0
22610.9179;0
22706.6246;0
22707.6241;0
22806.4515;0
22807.7608;0
22906.6653;0
22908.0503;0
23007.0757;0
23008.0752;0
23105.8669;0
23106.8664;0
23208.0829;0
23207.0834;0
23306.9689;0
23308.3658;0
23407.4882;0
23408.4877;0
23502.5788;0
23503.5783;0
23614.2363;0
23613.2368;0
23708.1125;0
23709.2491;0
23803.2689;0
23804.2684;0
23899.3168;0
23899.4431;0
24010.1499;0
24011.1494;0
24105.6878;0
24106.6873;0
24200.7681;0
24201.7676;0
24311.4117;0
24312.4112;0
24406.9202;0
24407.9197;0
24502.4733;0
24503.4728;0
24600.1607;0
24600.2591;0
24710.9463;0
24711.9458;0
24806.062;0
24807.0615;0
24901.1782;0
24902.1777;0
25005.3614;0
25006.3609;0
25105.9051;0
25106.9046;0
25201.3324;0
25202.3319;0
25311.9386;0
25312.9381;0
25406.9686;0
25407.9681;0
25502.1315;0
25503.131;0
25612.8809;0
25613.6356;0
25707.9377;0
25708.9372;0
25802.9476;0
25803.9471;0
25913.6121;0
25914.6116;0
26008.9948;0
26009.9943;0
26106.392;0
26107.3915;0
26201.7645;0
26202.764;0
26312.3109;0
26313.3104;0
26407.2317;0
26408.2312;0
26502.2783;0
26503.2778;0
26599.2192;0
26599.2181;0
26709.7632;0
26710.7627;0
26805.7456;0
26804.7461;0
26912.0829;0
26913.0824;0
27007.1045;0
27008.104;0
27106.491;0
27107.4905;0
27201.6722;0
27202.6717;0
27313.283;0
27312.2835;0
27407.2092;0
27408.2087;0
27502.1468;0
27503.1463;0
27612.7986;0
27613.7981;0
27707.6238;0
27708.6233;0
27802.918;0
27803.9175;0
27914.7901;0
27913.7906;0
28008.8419;0
28009.8414;0
28108.1577;0
28109.1572;0
28203.3179;0
28204.3174;0
28299.3313;0
28299.4308;0
28410.0171;0
28411.0166;0
28505.108;0
28506.1075;0
28601.0502;0
28601.0486;0
28711.7009;0
28712.7004;0
28806.7314;0
28807.7309;0
28901.8321;0
28902.8316;0
29012.5347;0
29013.5342;0
29109.0774;0
29110.0769;0
29204.2102;0
29205.2097;0
29300.0468;0
29300.1895;0
29411.1098;0
29412.1093;0
29506.3139;0
29507.3134;0
29601.1884;0
29602.1879;0
29713.2989;0
29712.2994;0
29807.1833;0
29808.3678;0
29902.2328;0
29903.8484;0
30014.33;0
30013.3305;0
0;+Inf
0;+Inf
112.9524;0
113.8054;0
208.019;0
209.0185;0
304.0694;0
303.0699;0
413.6765;0
414.676;0
508.6587;0
509.6582;0
603.6989;0
604.6984;0
699.6542;0
699.6526;0
810.5093;0
811.5088;0
905.3372;0
906.6127;0
999.2107;0
999.2107;0
1102.1765;0
1103.176;0
1212.8396;0
1213.6854;0
1307.9203;0
1308.9198;0
1402.9301;0
1403.9296;0
1513.579;0
1514.5785;0
1608.5267;0
1609.5262;0
1703.546;0
1704.5455;0
1805.9649;0
1806.9644;0
1900.9448;0
1901.9443;0
2011.4355;0
2012.5853;0
2106.4471;0
2107.6098;0
2201.487;0
2202.5979;0
2312.6022;0
2313.6017;0
2407.7168;0
2408.7163;0
2502.902;0
2503.9015;0
2613.6155;0
2614.615;0
2708.6559;0
2709.6554;0
2803.6589;0
2804.6584;0
2899.6582;0
2899.7656;0
3010.4348;0
3011.4343;0
3107.622;0
3210.005;0
3299.9501;0
3399.8881;0
3499.8288;0
3625.7488;0
3706.6989;0
3802.64;0
3909.5742;0
4004.5162;0
4142.4309;0
4241.3703;0
4312.326;0
4467.1835;0
4510.1572;0
4618.6094;0
4704.5843;0
4802.8821;0
4909.095;0
5004.0063;0
5108.1775;0
5203.0505;0
5313.8123;0
5408.8091;0
5503.6443;0
5614.3551;0
5709.2015;0
5799.1212;0
5909.7994;0
6004.74;0
6104.507;0
6199.4695;0
6309.9523;0
6405.2209;0
6500.0393;0
6610.7709;0
6705.884;0
6800.8668;0
6911.6228;0
7006.4442;0
7105.1782;0
7200.1325;0
7310.7219;0
7405.7726;0
7500.7048;0
7600.6422;0
7699.5823;0
7799.5218;0
7899.4602;0
8000.3961;0
8104.9418;0
8199.6096;0
8310.2054;0
8410.2886;0
8510.1278;0
8610.4372;0
8710.8021;0
8810.4758;0
8911.4155;0
9010.7998;0
9110.6363;0
9210.699;0
9310.7714;0
9410.9263;0
9510.7778;0
9611.1021;0
9711.3249;0
9799.7387;0
9911.9299;0
10011.9292;0
10112.3358;0
10212.2195;0
10312.8735;0
10412.5917;0
10512.5937;0
10612.7008;0
10712.9245;0
10812.7678;0
10912.9989;0
11013.1747;0
11113.1919;0
11213.2518;0
11313.4211;0
11413.564;0
11513.3803;0
11613.736;0
11713.7913;0
11814.2763;0
11914.2377;0
12014.3533;0
12114.332;0
12214.7425;0
12314.8647;0
12414.9594;0
12514.9945;0
12615.1304;0
12715.4371;0
12815.6115;0
12915.7529;0
13015.9909;0
13115.9474;0
13216.2595;0
13316.2921;0
13402.92;0
13499.6295;0
13600.3045;0
13700.4791;0
13799.417;0
13917.6823;0
14017.7476;0
14117.7255;0
14217.7431;0
14317.9063;0
14418.2471;0
14518.3763;0
14599.5902;0
14700.8643;0
14826.7873;0
14899.7419;0
15023.4819;0
15099.4361;0
15199.3744;0
15319.3053;0
15419.4507;0
15519.4959;0
15619.3163;0
15720.1291;0
15799.3697;0
15900.5677;0
16020.9021;0
16100.0371;0
16221.0547;0
16305.6866;0
16401.4835;0
16499.5224;0
16599.3185;0
16699.2554;0
16803.1709;0
16901.1574;0
17000.5591;0
17099.4968;0
17200.4187;0
17300.6592;0
17400.6141;0
17500.5869;0
17600.6584;0
17701.2001;0
17800.7761;0
17900.7143;0
17999.6537;0
18099.5934;0
18200.5228;0
18311.0813;0
18406.0489;0
18501.0125;0
18611.6292;0
18706.4292;0
18801.4786;0
18912.0344;0
19006.9691;0
19100.9124;0
19211.4604;0
19306.387;0
19401.312;0
19511.8552;0
19606.7802;0
19701.7117;0
19812.262;0
19900.8177;0
20011.4565;0
20100.8631;0
20211.3439;0
20306.4019;0
20401.602;0
20512.0386;0
20607.0522;0
20702.0059;0
20812.8083;0
20907.649;0
21002.6768;0
21099.873;0
21210.4509;0
21305.395;0
21400.2131;0
21511.1719;0
21606.0979;0
0;+Inf
0.9992;271328.9696969697
99.9383;1262.2165590158008
97.939;0
197.5848;0
201.5829;0
308.2137;0
312.2118;0
407.0398;0
403.2048;0
502.2688;0
498.2707;0
612.7809;0
609.0093;0
704.1495;0
708.1476;0
803.3392;0
807.3373;0
907.6041;0
911.6022;0
1009.0628;0
1006.0628;0
1100.0051;0
1099.0052;0
1213.5572;0
1209.5591;0
1308.5311;0
1304.533;0
1399.9738;0
1403.9719;0
1514.5071;0
1512.3197;0
1611.8359;0
1615.834;0
1706.8168;0
1710.8149;0
1805.7754;0
1801.7773;0
1901.1198;0
1897.1217;0
2007.751;0
2011.7491;0
2100.8946;0
2098.8954;0
2209.3403;0
2213.3384;0
2308.5461;0
2304.548;0
2399.6465;0
2403.6446;0
2514.2074;0
2510.2093;0
2605.0644;0
2609.2734;0
2700.2691;0
2704.2672;0
2799.0796;0
2812.1227;0
2910.9019;0
2907.1928;0
3002.2488;0
3006.2469;0
3099.5518;0
3097.5517;0
3208.1856;0
3212.1837;0
3307.1435;0
3303.1454;0
3402.1972;0
3398.1991;0
3508.8028;0
3512.8009;0
3603.7325;0
3607.7306;0
3698.6909;0
3702.689;0
3813.1737;0
3809.3367;0
3904.159;0
3908.1571;0
4005.5241;0
4009.5222;0
4101.0356;0
4099.0358;0
4209.6589;0
4213.657;0
4308.7185;0
4304.7204;0
4399.6528;0
4403.6509;0
4514.1212;0
4510.3112;0
4609.3695;0
4605.3714;0
4700.3586;0
4704.3567;0
4799.3246;0
4812.1486;0
4907.1976;0
4911.1957;0
5002.2815;0
5006.2796;0
5100.5452;0
5097.5466;0
5207.9927;0
5212.116;0
5303.0845;0
5307.0826;0
5397.8983;0
5401.8964;0
5503.0144;0
5499.0163;0
5609.6485;0
5613.6466;0
5699.278;0
5697.2786;0
5800.2683;0
5797.6532;0
5908.3369;0
5912.335;0
6007.3446;0
6003.3465;0
6100.8726;0
6098.8732;0
6209.342;0
6213.5288;0
6304.5016;0
6308.4997;0
6399.5353;0
6403.5334;0
6514.0409;0
6510.1773;0
6609.1515;0
6605.1534;0
6699.9974;0
6704.1318;0
6814.5814;0
6810.7964;0
6909.8107;0
6905.8126;0
7000.826;0
7004.8241;0
7100.8426;0
7098.8434;0
7213.2894;0
7209.4785;0
7304.4657;0
7308.4638;0
7399.3292;0
7403.4826;0
7513.9995;0
7510.1928;0
7605.188;0
7609.1861;0
7704.044;0
7700.0459;0
7799.051;0
7812.221;0
7907.1439;0
7911.142;0
8008.7764;0
8012.7745;0
8100.5758;0
8098.5761;0
8209.1573;0
8213.1554;0
8304.1724;0
8308.1705;0
8399.1445;0
8403.1426;0
8509.6147;0
8513.7807;0
8604.8603;0
8608.8584;0
8703.7047;0
8699.8939;0
8814.3408;0
8810.5053;0
8905.5512;0
8909.5493;0
9004.5301;0
9000.532;0
9099.3524;0
9097.353;0
9211.9748;0
9207.9767;0
9303.0029;0
9307.001;0
9397.8265;0
9401.9295;0
9508.4104;0
9512.5992;0
9603.4073;0
9607.6452;0
9698.6335;0
9702.6316;0
9809.0816;0
9813.2131;0
9908.3499;0
9904.3518;0
9999.4509;0
10003.449;0
10099.0695;0
10097.0719;0
10207.6949;0
10211.693;0
10306.6462;0
10302.6481;0
10397.4525;0
10401.6126;0
10512.2905;0
10508.2924;0
10603.3022;0
10607.3003;0
10698.4816;0
10702.4797;0
10809.0642;0
10813.0623;0
10904.1134;0
10908.1115;0
11003.3433;0
10999.3452;0
11100.4202;0
11097.4217;0
11211.8656;0
11207.9969;0
11303.0008;0
11306.9989;0
11401.9792;0
11397.9811;0
11508.4478;0
11512.5866;0
11603.5332;0
11607.5313;0
11698.9162;0
11702.9143;0
11800.0274;0
11812.9697;0
11907.8052;0
11911.8033;0
12012.8632;0
12008.8651;0
12099.2428;0
12097.2435;0
12211.6435;0
12207.8492;0
12306.8463;0
12302.8482;0
12401.8317;0
12397.8336;0
12508.4675;0
12512.4656;0
12607.2895;0
12603.4258;0
12702.3952;0
12698.3971;0
12809.0577;0
12813.0558;0
12904.075;0
12908.0731;0
12999.0634;0
13003.0615;0
13099.3536;0
13097.3503;0
13208.0046;0
13212.0027;0
13303.1534;0
13307.1515;0
13398.0497;0
13402.182;0
13508.8018;0
13512.7999;0
13603.7501;0
13607.7482;0
13702.704;0
13698.7059;0
13809.4024;0
13813.4005;0
13904.411;0
13908.4091;0
13999.2537;0
14003.4797;0
14100.3044;0
14098.3057;0
14212.8798;0
14208.8817;0
14307.8776;0
14303.8795;0
14402.8644;0
14398.8663;0
14513.5244;0
14509.3151;0
14604.4844;0
14608.4825;0
14703.4787;0
14699.4806;0
14810.1344;0
14814.1325;0
14908.9582;0
14904.9601;0
15000.5825;0
15004.9319;0
15099.5684;0
15097.5692;0
15208.1305;0
15212.1286;0
15307.0999;0
15303.1018;0
15398.1579;0
15402.156;0
15512.7584;0
15508.7603;0
15603.8112;0
15607.8093;0
15702.7837;0
15698.7856;0
15809.2375;0
15813.412;0
15904.2657;0
15908.2638;0
16005.2233;0
16009.3974;0
16099.0899;0
16097.0904;0
16213.7757;0
16209.7776;0
16304.7819;0
16308.78;0
16403.7972;0
16399.7991;0
16514.4;0
16510.4019;0
16605.212;0
16609.345;0
16700.2466;0
16704.2447;0
16799.2878;0
16811.9891;0
16907.1324;0
16911.1305;0
17006.1338;0
17002.1357;0
17100.9806;0
17098.9813;0
17209.5836;0
17213.5817;0
17304.7337;0
17308.7318;0
17399.7258;0
17403.7239;0
17514.1746;0
17510.3226;0
17605.3324;0
17609.1601;0
17700.386;0
17704.3841;0
17799.2317;0
17812.1597;0
17907.2803;0
17911.2784;0
18002.3;0
18006.2981;0
18100.332;0
18097.3319;0
18208.5327;0
18212.5308;0
18307.5676;0
18303.5695;0
18398.4216;0
18402.5448;0
18509.1198;0
18513.1179;0
18603.9447;0
18608.0727;0
18702.9137;0
18699.0515;0
18809.6452;0
18813.6433;0
18904.492;0
18908.6474;0
19003.9913;0
18999.9932;0
19101.0271;0
19099.0279;0
19209.4719;0
19213.5983;0
19304.6179;0
19308.616;0
19403.6927;0
19399.6946;0
19514.205;0
19510.3351;0
19605.1585;0
19609.3283;0
19704.303;0
19700.3049;0
19799.1462;0
19811.9436;0
19906.9437;0
19910.9418;0
20007.8568;0
20012.0225;0
20100.0943;0
20097.0974;0
20206.0126;0
20210.0107;0
20304.9854;0
20300.9873;0
20399.8096;0
20412.7798;0
20507.6157;0
20511.8241;0
20602.7574;0
20606.8955;0
20701.8981;0
20697.9;0
20799.998;0
20812.8291;0
20911.6797;0
20907.8317;0
21002.877;0
21006.8751;0
21100.9683;0
21098.9708;0
21209.4293;0
21213.558;0
21308.5873;0
21304.5892;0
21399.5038;0
21403.6288;0
21514.2136;0
21510.2155;0
21605.2136;0
21609.2117;0
21700.0431;0
21704.3234;0
21799.1473;0
21812.0026;0
21910.9958;0
21907.1464;0
22005.9898;0
22002.1511;0
22099.9527;0
22097.9551;0
22200.9397;0
22197.941;0
22308.3871;0
22312.5223;0
22403.37;0
22407.5002;0
22498.4768;0
22502.4749;0
22609.0925;0
22613.0906;0
22704.0408;0
22708.0389;0
22802.888;0
22799.1448;0
22913.8268;0
22909.8287;0
23004.6537;0
23008.7925;0
23100.9064;0
23098.908;0
23209.3604;0
23213.5632;0
23304.5457;0
23308.5438;0
23399.5939;0
23403.592;0
23514.1595;0
23510.1614;0
23605.0157;0
23609.2329;0
23700.2048;0
23704.2029;0
23799.1482;0
23811.8619;0
23910.8387;0
23906.8406;0
24008.0118;0
24012.0099;0
24100.8502;0
24098.8499;0
24200.9218;0
24198.9227;0
24309.354;0
24313.55;0
24404.4071;0
24408.5179;0
24499.4822;0
24503.4803;0
24614.1606;0
24610.1625;0
24708.9859;0
24705.1375;0
24804.0098;0
24800.0117;0
24914.7263;0
24910.7282;0
25009.7075;0
25005.7094;0
25099.336;0
25097.3342;0
25207.8967;0
25211.8948;0
25302.829;0
25306.8271;0
25397.8575;0
25401.8556;0
25512.5853;0
25508.5872;0
25607.6138;0
25603.6157;0
25698.8504;0
25702.8485;0
25813.4324;0
25809.4343;0
25904.7674;0
25908.7655;0
25999.9154;0
26003.9135;0
26099.4392;0
26097.4406;0
26200.5015;0
26198.4995;0
26309.1154;0
26313.1135;0
26404.081;0
26408.0791;0
26503.0228;0
26499.0247;0
26609.4695;0
26613.767;0
26699.7941;0
26697.7945;0
26814.4676;0
26810.4695;0
26905.49;0
26909.4881;0
27000.4305;0
27004.4286;0
27099.4162;0
27097.4192;0
27212.0223;0
27208.0242;0
27306.9945;0
27302.9964;0
27401.819;0
27397.9915;0
27508.6072;0
27512.6053;0
27603.582;0
27607.5801;0
27698.4999;0
27702.498;0
27809.1668;0
27813.1649;0
27904.0747;0
27908.0728;0
28005.187;0
28009.1851;0
28100.2016;0
28097.203;0
28200.2488;0
28198.2475;0
28308.867;0
28312.8651;0
28403.8538;0
28407.8519;0
28498.8232;0
28502.8213;0
28609.4305;0
28613.4286;0
28708.4253;0
28704.4272;0
28799.6058;0
28803.6039;0
28914.2062;0
28910.2081;0
29005.2645;0
29009.2626;0
29099.1683;0
29097.1554;0
29207.7385;0
29211.7366;0
29306.5807;0
29302.7253;0
29397.7672;0
29401.7653;0
29508.3397;0
29512.3378;0
29603.1805;0
29607.3029;0
29698.1293;0
29702.249;0
29809.2543;0
29813.2524;0
29904.372;0
29908.3701;0
30003.3163;0
29999.3182;0
